C51 COMPILER V9.60.0.0   DMG                                                               12/19/2021 18:57:39 PAGE 1   


C51 COMPILER V9.60.0.0, COMPILATION OF MODULE DMG
OBJECT MODULE PLACED IN .\Objects\dmg.obj
COMPILER INVOKED BY: C:\Keil_v5_c51\C51\BIN\C51.EXE dmg.c OPTIMIZE(8,SPEED) BROWSE DEBUG OBJECTEXTEND PRINT(.\Listings\d
                    -mg.lst) TABS(2) OBJECT(.\Objects\dmg.obj)

line level    source

   1          #include <intrins.h>
   2          #include <reg52.h>
   3          #define u8 unsigned char
   4          #define u16 unsigned int
   5          #define lsac ((lsabc *)0x90)
   6          
   7          typedef struct 
   8          {
   9            u8 vsl:3;
  10          }lsabc;
  11          
  12          void main()
  13          {
  14   1        u8 i,j;
  15   1        P0 = 0x3f;
  16   1        while(1)
  17   1        {
  18   2          for(i = 0,j = 1; i< 8; i++,j++,P1 &= ~0x07)
  19   2          {
  20   3            P1 |= j;
  21   3            P0 = i;
  22   3            _nop_();_nop_();_nop_();_nop_();_nop_();
  23   3          }
  24   2        }
  25   1      }


MODULE INFORMATION:   STATIC OVERLAYABLE
   CODE SIZE        =     34    ----
   CONSTANT SIZE    =   ----    ----
   XDATA SIZE       =   ----    ----
   PDATA SIZE       =   ----    ----
   DATA SIZE        =   ----    ----
   IDATA SIZE       =   ----    ----
   BIT SIZE         =   ----    ----
END OF MODULE INFORMATION.


C51 COMPILATION COMPLETE.  0 WARNING(S),  0 ERROR(S)
