C51 COMPILER V9.60.0.0   1602                                                              03/18/2022 08:39:39 PAGE 1   


C51 COMPILER V9.60.0.0, COMPILATION OF MODULE 1602
OBJECT MODULE PLACED IN .\Objects\1602.obj
COMPILER INVOKED BY: C:\Keil_v5_c51\C51\BIN\C51.EXE 1602.c OPTIMIZE(8,SPEED) BROWSE DEBUG OBJECTEXTEND PRINT(.\Listings\
                    -1602.lst) TABS(2) OBJECT(.\Objects\1602.obj)

line level    source

   1          
   2          #include "1602.h"
   3          
   4          void LCM16wdat(u8 dat)
   5          {
   6   1        rw = 0;
   7   1        rs = 1;
   8   1        dio = dat;
   9   1        _nop_();
  10   1        en = 1;
  11   1        Delay100us();Delay100us();Delay100us();
  12   1        en = 0;
  13   1        dio = 0xff;
  14   1        rs = 1;
  15   1        rw = 1;
  16   1      }
  17          void LCM16wcmd(u8 cmd)
  18          {
  19   1        rw = 0;
  20   1        rs = 0;
  21   1        dio = cmd;
  22   1        _nop_();
  23   1        en = 1;
  24   1        Delay100us();Delay100us();Delay100us();
  25   1        en = 0;
  26   1        dio = 0xff;
  27   1        rs = 1;
  28   1        rw = 1;
  29   1      }
  30          void LCM16wadd(u8 add)
  31          {
  32   1        add |= 0x80;
  33   1        rw = 0;
  34   1        rs = 0;
  35   1        dio = add;
  36   1        _nop_();
  37   1        en = 1;
  38   1        Delay100us();Delay100us();Delay100us();
  39   1        en = 0;
  40   1        dio = 0xff;
  41   1        rs = 1;
  42   1        rw = 1;
  43   1      }
  44          void LCM1602init()
  45          {
  46   1        en = 0;
  47   1        LCM16wcmd(modes1);
  48   1        LCM16wcmd(i1s0);
  49   1        LCM16wcmd(dison|ygb);
  50   1        LCM16wcmd(cls);
  51   1        
  52   1      }
  53          
  54          
C51 COMPILER V9.60.0.0   1602                                                              03/18/2022 08:39:39 PAGE 2   

  55          void Delay100us()   //@12.000MHz
  56          {
  57   1        unsigned char i;
  58   1      
  59   1        _nop_();
  60   1        i = 47;
  61   1        while (--i);
  62   1      }
  63          


MODULE INFORMATION:   STATIC OVERLAYABLE
   CODE SIZE        =    115    ----
   CONSTANT SIZE    =   ----    ----
   XDATA SIZE       =   ----    ----
   PDATA SIZE       =   ----    ----
   DATA SIZE        =   ----    ----
   IDATA SIZE       =   ----    ----
   BIT SIZE         =   ----    ----
END OF MODULE INFORMATION.


C51 COMPILATION COMPLETE.  0 WARNING(S),  0 ERROR(S)
