C51 COMPILER V9.60.0.0   MAIN                                                              03/18/2022 08:40:09 PAGE 1   


C51 COMPILER V9.60.0.0, COMPILATION OF MODULE MAIN
OBJECT MODULE PLACED IN .\Objects\main.obj
COMPILER INVOKED BY: C:\Keil_v5_c51\C51\BIN\C51.EXE main.c OPTIMIZE(8,SPEED) BROWSE DEBUG OBJECTEXTEND PRINT(.\Listings\
                    -main.lst) TABS(2) OBJECT(.\Objects\main.obj)

line level    source

   1          #include <reg52.h>
   2          #include <intrins.h>
   3          #include "1602.h"
   4          
   5          sbit led = P2^4;
   6          u8 bri = 0,tbri = 80,tcount = 0;
   7          u8 str[16] = "Hello World!";
   8          
   9          void Delay2ms()   //@12.000MHz
  10          {
  11   1        unsigned char i, j;
  12   1        i = 4;
  13   1        j = 225;
  14   1        do
  15   1        {
  16   2          while (--j);
  17   2        } while (--i);
  18   1      }
  19          void T0Init()
  20          {
  21   1        TMOD = 0x01;
  22   1        TH0 = 0xff;
  23   1        TL0 = 0x9c;
  24   1        TR0 = 1;
  25   1        EA = 0;
  26   1        ET0 = 1;
  27   1      }
  28          void Briproc()
  29          {
  30   1        if(tbri != bri)
  31   1        {
  32   2          if(bri > tbri)
  33   2            bri --;
  34   2          else
  35   2            bri ++;
  36   2        }
  37   1      }
  38          void delay(u16 t)
  39          {
  40   1        while(t--)
  41   1          _nop_();
  42   1      }
  43          void cgramw()
  44          {
  45   1        u8 cgr[8][8] = {{0x00,0x0A,0x1C,0x0F,0x0A,0x0F,0x0A,0x00},
  46   1        {0x00,0x07,0x11,0x1A,0x1F,0x0A,0x06,0x00},
  47   1        {0x00,0x00,0x16,0x1F,0x16,0x10,0x1F,0x00},
  48   1        {0x00,0x0E,0x0E,0x0E,0x1B,0x0A,0x1A,0x00}};
  49   1        u8 n,m;
  50   1      //  for(n = 0; n < 4; n++)
  51   1      //  {
  52   1          LCM16wadd(0x00);
  53   1          Delay2ms();
  54   1          LCM16wdat(0x00);
C51 COMPILER V9.60.0.0   MAIN                                                              03/18/2022 08:40:09 PAGE 2   

  55   1          
  56   1      //    LCM16wcmd(0x40 ); //+ 8*n
  57   1      //    Delay100us();
  58   1      //    for(m = 0; m<8; m++)
  59   1      //    {
  60   1      //      LCM16wdat(cgr[0][m]);
  61   1      //      Delay100us();
  62   1      //    }
  63   1          
  64   1      //  }
  65   1        
  66   1      }
*** WARNING C280 IN LINE 49 OF main.c: 'n': unreferenced local variable
*** WARNING C280 IN LINE 49 OF main.c: 'm': unreferenced local variable
  67          void main(void)
  68          {
  69   1        u8 i;
  70   1        T0Init();
  71   1        LCM1602init();
  72   1        Delay2ms();
  73   1        LCM16wcmd(dison);
  74   1        cgramw();
  75   1        while(1);
  76   1      //  while(1)
  77   1      //  {
  78   1      //    LCM16wadd(0x00);
  79   1      //    Delay2ms();
  80   1      //    for(i = 0; i < 12; i++)
  81   1      //    {
  82   1      //      if(i == 6)
  83   1      //        delay(50000);
  84   1      //      LCM16wdat(str[i]);
  85   1      //      if(i == 5)
  86   1      //      {
  87   1      //        continue;
  88   1      //      }
  89   1      //      delay(15000);
  90   1      //      
  91   1      //    }
  92   1      //    LCM16wadd(0x40);
  93   1      //    Delay2ms();
  94   1      //    for(i = 0; i < 6; i++)
  95   1      //    {
  96   1      //      switch(i)
  97   1      //      {
  98   1      //        case 0:
  99   1      //          LCM16wdat(0);
 100   1      //          break;
 101   1      //        case 1:
 102   1      //          LCM16wdat(1);
 103   1      //          break;
 104   1      //        case 2:
 105   1      //          LCM16wdat(' ');
 106   1      //          continue;
 107   1      //          break;
 108   1      //        case 3:
 109   1      //          LCM16wdat(2);
 110   1      //          break;
 111   1      //        case 4:
 112   1      //          LCM16wdat(3);
 113   1      //          break;
 114   1      //        case 5:
C51 COMPILER V9.60.0.0   MAIN                                                              03/18/2022 08:40:09 PAGE 3   

 115   1      //          LCM16wdat('!');
 116   1      //          break;
 117   1      //      }
 118   1      //      delay(20000);
 119   1      //      
 120   1      //    }
 121   1      //    delay(40000);
 122   1      //    LCM16wcmd(cls);
 123   1      //    delay(50000);
 124   1      //    Delay100us();
 125   1      //    Briproc();
 126   1      //    Delay2ms();Delay2ms();Delay2ms();Delay2ms();Delay2ms();
 127   1      ////    LCM16wdat('A');
 128   1      //  }
 129   1      }
*** WARNING C280 IN LINE 69 OF main.c: 'i': unreferenced local variable
 130          


MODULE INFORMATION:   STATIC OVERLAYABLE
   CODE SIZE        =    109    ----
   CONSTANT SIZE    =     64    ----
   XDATA SIZE       =   ----    ----
   PDATA SIZE       =   ----    ----
   DATA SIZE        =     19      67
   IDATA SIZE       =   ----    ----
   BIT SIZE         =   ----    ----
END OF MODULE INFORMATION.


C51 COMPILATION COMPLETE.  3 WARNING(S),  0 ERROR(S)
