C51 COMPILER V9.60.0.0   MAIN                                                              08/28/2022 20:32:47 PAGE 1   


C51 COMPILER V9.60.0.0, COMPILATION OF MODULE MAIN
OBJECT MODULE PLACED IN .\Objects\main.obj
COMPILER INVOKED BY: C:\Keil_v5_c51\C51\BIN\C51.EXE main.c OPTIMIZE(8,SPEED) BROWSE DEBUG OBJECTEXTEND PRINT(.\Listings\
                    -main.lst) OBJECT(.\Objects\main.obj)

line level    source

   1          #include <reg52.h>
   2          
   3          #define uint8 unsigned char
   4          #define uint16 unsigned int
   5          
   6          sbit led = P0^1;
   7          
   8          void delay(uint16 t)
   9          {
  10   1              while(t--)
  11   1                      ;
  12   1      }
  13          
  14          void main()
  15          {
  16   1              uint16 i;
  17   1              while(1)
  18   1              {
  19   2                      for(i = 0; i < 200; i++)
  20   2                      {
  21   3                              led = 1;
  22   3                              delay(i*16);
  23   3                              led = 0;
  24   3                              delay(3200 - 16*i);
  25   3                      }
  26   2                      for(i = 0; i < 200; i++)
  27   2                      {
  28   3                              led = 0;
  29   3                              delay(i*16);
  30   3                              led = 1;
  31   3                              delay(3200 - 16*i);
  32   3                      }
  33   2              }
  34   1      }
  35          


MODULE INFORMATION:   STATIC OVERLAYABLE
   CODE SIZE        =    115    ----
   CONSTANT SIZE    =   ----    ----
   XDATA SIZE       =   ----    ----
   PDATA SIZE       =   ----    ----
   DATA SIZE        =   ----    ----
   IDATA SIZE       =   ----    ----
   BIT SIZE         =   ----    ----
END OF MODULE INFORMATION.


C51 COMPILATION COMPLETE.  0 WARNING(S),  0 ERROR(S)
