C51 COMPILER V9.60.0.0   MAIN                                                              05/15/2022 21:08:25 PAGE 1   


C51 COMPILER V9.60.0.0, COMPILATION OF MODULE MAIN
OBJECT MODULE PLACED IN main.OBJ
COMPILER INVOKED BY: C:\Keil_v5_c51\C51\BIN\C51.EXE main.c OPTIMIZE(8,SPEED) BROWSE DEBUG OBJECTEXTEND

line level    source

   1          #include <reg52.h>
   2          #include <intrins.h>
   3          #define u8 unsigned char
   4          #define u16 unsigned int
   5          #define u32 unsigned long
   6          
   7          #define s       300
   8          
   9          sbit ma = P1^0;
  10          sbit mb = P1^1;
  11          sbit mc = P1^2;
  12          sbit md = P1^3;
  13          sbit ena = P1^4;
  14          sbit enb = P1^5;
  15          u8 i = 0;
  16          u8 pwm_duty = 62;
  17          void delay(u16 t)
  18          {
  19   1              while(t--)
  20   1              _nop_();
  21   1      }
  22          void  initt0()
  23          {
  24   1              TMOD = 0x02;
  25   1              TH0 = 156;
  26   1              TL0 = 156;
  27   1              TR0 = 1;
  28   1              EA = 1;
  29   1              ET0 = 1;
  30   1      }
  31          void main(void)
  32          {
  33   1              initt0();
  34   1              while(1)
  35   1              {
  36   2                      ma = 1;
  37   2                      mb = 0;
  38   2                      mc = 0;
  39   2                      md = 0;
  40   2                      delay(s);
  41   2                      ma = 1;
  42   2                      mb = 0;
  43   2                      mc = 1;
  44   2                      md = 0;
  45   2                      delay(s);
  46   2                      ma = 0;
  47   2                      mb = 0;
  48   2                      mc = 1;
  49   2                      md = 0;
  50   2                      delay(s);
  51   2                      ma = 0;
  52   2                      mb = 1;
  53   2                      mc = 1;
  54   2                      md = 0;
  55   2                      delay(s);
C51 COMPILER V9.60.0.0   MAIN                                                              05/15/2022 21:08:25 PAGE 2   

  56   2                      ma = 0;
  57   2                      mb = 1;
  58   2                      mc = 0;
  59   2                      md = 0;
  60   2                      delay(s);
  61   2                      ma = 0;
  62   2                      mb = 1;
  63   2                      mc = 0;
  64   2                      md = 1;
  65   2                      delay(s);
  66   2                      ma = 0;
  67   2                      mb = 0;
  68   2                      mc = 0;
  69   2                      md = 1;
  70   2                      delay(s);
  71   2                      ma = 1;
  72   2                      mb = 0;
  73   2                      mc = 0;
  74   2                      md = 1;
  75   2                      delay(s);
  76   2              }
  77   1      }
  78          void IRQ_T0() interrupt 1
  79          {
  80   1              if(i < 100)
  81   1                      i++;
  82   1              else
  83   1                      i = 0;
  84   1              if(i < pwm_duty)
  85   1              {
  86   2                      ena = 1;
  87   2                      enb = 1;
  88   2              }
  89   1              else
  90   1              {
  91   2                      ena = 0;
  92   2                      enb = 0;
  93   2              }
  94   1      }


MODULE INFORMATION:   STATIC OVERLAYABLE
   CODE SIZE        =    157    ----
   CONSTANT SIZE    =   ----    ----
   XDATA SIZE       =   ----    ----
   PDATA SIZE       =   ----    ----
   DATA SIZE        =      2    ----
   IDATA SIZE       =   ----    ----
   BIT SIZE         =   ----    ----
END OF MODULE INFORMATION.


C51 COMPILATION COMPLETE.  0 WARNING(S),  0 ERROR(S)
