C51 COMPILER V9.60.0.0   SPI                                                               12/10/2021 21:29:59 PAGE 1   


C51 COMPILER V9.60.0.0, COMPILATION OF MODULE SPI
OBJECT MODULE PLACED IN .\Objects\spi.obj
COMPILER INVOKED BY: C:\Keil_v5_c51\C51\BIN\C51.EXE spi.c OPTIMIZE(8,SPEED) BROWSE DEBUG OBJECTEXTEND PRINT(.\Listings\s
                    -pi.lst) TABS(2) OBJECT(.\Objects\spi.obj)

line level    source

   1          #include "spi.h"
   2          
   3          void spiw8bit(u8 dat1,u8 dat2) //写两字节
   4          {
   5   1        u8 i;
   6   1        clk = 0;
   7   1        _nop_(); 
   8   1        ce = 0;
   9   1        _nop_();
  10   1        for(i = 0; i<8; i++)
  11   1        {
  12   2          dio = dat1&0x01;
  13   2          _nop_(); 
  14   2          clk = 1;
  15   2          _nop_();
  16   2          clk = 0;
  17   2          dat1 >>= 1;
  18   2          _nop_();
  19   2        }
  20   1        dio = 1;
  21   1        for(i = 0; i<8; i++)
  22   1        {
  23   2          dio = dat2&0x01;
  24   2          _nop_();
  25   2          clk = 1;
  26   2          _nop_(); 
  27   2          clk = 0;
  28   2          dat2 >>= 1;
  29   2          _nop_(); 
  30   2        }
  31   1        ce = 1;
  32   1      }
  33          
  34          
  35          u8 spir8bit(u8 dat1)  //写一字节， 读一字节
  36          {
  37   1        u8 i,rdat;
  38   1        clk = 0;
  39   1        _nop_(); 
  40   1        ce = 0;
  41   1        for(i = 0; i<8; i++)
  42   1        {
  43   2          dio = dat1&0x01;
  44   2          _nop_(); 
  45   2          clk = 1;
  46   2          _nop_(); 
  47   2          clk = 0;
  48   2          dat1 >>= 1;
  49   2          _nop_(); 
  50   2        }
  51   1        dio = 1; //释放
  52   1        _nop_(); 
  53   1        for(i = 0; i<8; i++)
  54   1        {
C51 COMPILER V9.60.0.0   SPI                                                               12/10/2021 21:29:59 PAGE 2   

  55   2          rdat = (rdat>>1) | ((u8)dio<<7);
  56   2          _nop_();
  57   2          clk = 1;
  58   2          _nop_(); 
  59   2          clk = 0;
  60   2          
  61   2          _nop_(); 
  62   2        }
  63   1        ce = 1;
  64   1        return rdat;
  65   1      }


MODULE INFORMATION:   STATIC OVERLAYABLE
   CODE SIZE        =    152    ----
   CONSTANT SIZE    =   ----    ----
   XDATA SIZE       =   ----    ----
   PDATA SIZE       =   ----    ----
   DATA SIZE        =   ----    ----
   IDATA SIZE       =   ----    ----
   BIT SIZE         =   ----    ----
END OF MODULE INFORMATION.


C51 COMPILATION COMPLETE.  0 WARNING(S),  0 ERROR(S)
