C51 COMPILER V9.60.0.0   M                                                                 02/07/2022 23:17:31 PAGE 1   


C51 COMPILER V9.60.0.0, COMPILATION OF MODULE M
OBJECT MODULE PLACED IN .\Objects\m.obj
COMPILER INVOKED BY: C:\Keil_v5_c51\C51\BIN\C51.EXE m.c OPTIMIZE(8,SPEED) BROWSE DEBUG OBJECTEXTEND PRINT(.\Listings\m.l
                    -st) TABS(2) OBJECT(.\Objects\m.obj)

line level    source

   1          #include <reg52.H>
   2          
   3          
   4          sbit oa = P1^0;
   5          sbit ob = P1^1;
   6          
   7          unsigned int s= 3000;
   8          
   9          void delay(unsigned int t)
  10          {
  11   1        while(t--);
  12   1      }
  13          void tint()
  14          {
  15   1        TMOD = 0x01;
  16   1        TH0 = 0;
  17   1        TL0 = 0;
  18   1        TR0 = 1;
  19   1        EA = 1;
  20   1        ET0 = 1;
  21   1      }
  22          void main(void)
  23          {
  24   1        
  25   1        tint();
  26   1        while(1)
  27   1        {
  28   2          oa = 1;
  29   2          ob = 0;
  30   2          delay(100+s);
  31   2          
  32   2          oa = 0;
  33   2          ob = 1;
  34   2          delay(100+s);
  35   2          
  36   2        }
  37   1      }
  38          
  39          void irq0() interrupt 1
  40          {
  41   1        TH0 = 0;
  42   1        TL0 = 0;
  43   1        if(s > 1000)
  44   1          s-= 5;
  45   1        if(s > 700)
  46   1          s--;
  47   1        else
  48   1          TR0 = 0;
  49   1      }


MODULE INFORMATION:   STATIC OVERLAYABLE
   CODE SIZE        =    115    ----
   CONSTANT SIZE    =   ----    ----
C51 COMPILER V9.60.0.0   M                                                                 02/07/2022 23:17:31 PAGE 2   

   XDATA SIZE       =   ----    ----
   PDATA SIZE       =   ----    ----
   DATA SIZE        =      2    ----
   IDATA SIZE       =   ----    ----
   BIT SIZE         =   ----    ----
END OF MODULE INFORMATION.


C51 COMPILATION COMPLETE.  0 WARNING(S),  0 ERROR(S)
