C51 COMPILER V9.60.0.0   MAIN                                                              11/20/2021 11:33:45 PAGE 1   


C51 COMPILER V9.60.0.0, COMPILATION OF MODULE MAIN
OBJECT MODULE PLACED IN .\Objects\main.obj
COMPILER INVOKED BY: C:\Keil_v5c51\C51\BIN\C51.EXE main.c OPTIMIZE(8,SPEED) BROWSE DEBUG OBJECTEXTEND PRINT(.\Listings\m
                    -ain.lst) TABS(2) OBJECT(.\Objects\main.obj)

line level    source

   1          #include <reg52.h>
   2          #include <intrins.h>
   3          
   4          typedef unsigned int u16;
   5          typedef unsigned char u8;
   6          typedef unsigned long u32; 
   7          
   8          //u8 code smd[16]={0x3f,0x06,0x5b,0x4f,0x66,0x6d,0x7d,0x07,
   9          //          0x7f,0x6f,0x77,0x7c,0x39,0x5e,0x79,0x71};
  10          
  11          sbit la = P1^0;
  12          sbit lb = P1^1;
  13          sbit lc = P1^2;
  14          
  15          void delay(u16 t)
  16          {
  17   1        while(t--);
  18   1      }
  19          void main(void)
  20          {
  21   1        u8 j = 0,i;
  22   1        u8 temp = 0x3f; //控制显示1357位显示的值
  23   1        while(1)
  24   1        {
  25   2          j++;
  26   2          if(j == 255)  //延时
  27   2          {
  28   3            j = 0;
  29   3            if(temp == 0x3f)
  30   3              temp = 0x06; //设置显示1
  31   3            else
  32   3              temp = 0x3f; //设置显示0
  33   3          }
  34   2          for(i = 0; i<8; i++) // 数码管显示
  35   2          {
  36   3            switch(i)
  37   3            {
  38   4                case 0 :
  39   4                  la = 0,lb = 0,lc = 0; 
  40   4                  P0 = temp;
  41   4                  break;
  42   4                case 1 :
  43   4                  la = 0,lb = 0,lc = 1;
  44   4                  P0 = 0x00;
  45   4                  break;
  46   4                case 2 :
  47   4                  la = 0,lb = 1,lc = 0;
  48   4                  P0 = temp;
  49   4                  break;
  50   4                case 3 :
  51   4                  la = 0,lb = 1,lc = 1;
  52   4                  P0 =0x00;
  53   4                  break;
  54   4                case 4 :
C51 COMPILER V9.60.0.0   MAIN                                                              11/20/2021 11:33:45 PAGE 2   

  55   4                  la = 1,lb = 0,lc = 0;
  56   4                  P0 = temp;
  57   4                  break;
  58   4                case 5 :
  59   4                  la = 1,lb = 0,lc = 1;
  60   4                  P0 = 0x00;
  61   4                  break;
  62   4                case 6 :
  63   4                  la = 1,lb = 1,lc = 0;
  64   4                  P0 = temp;
  65   4                  break;
  66   4                case 7 :
  67   4                  la = 1,lb = 1,lc = 1;
  68   4                  P0 = 0x00;
  69   4                  break;
  70   4              }
  71   3              
  72   3              delay(100); //延时显示
  73   3              P0 = 0x00; //消隐
  74   3            }
  75   2        }
  76   1      }
  77          


MODULE INFORMATION:   STATIC OVERLAYABLE
   CODE SIZE        =    141    ----
   CONSTANT SIZE    =   ----    ----
   XDATA SIZE       =   ----    ----
   PDATA SIZE       =   ----    ----
   DATA SIZE        =   ----    ----
   IDATA SIZE       =   ----    ----
   BIT SIZE         =   ----    ----
END OF MODULE INFORMATION.


C51 COMPILATION COMPLETE.  0 WARNING(S),  0 ERROR(S)
