C51 COMPILER V9.60.0.0   SPI                                                               11/25/2021 23:37:51 PAGE 1   


C51 COMPILER V9.60.0.0, COMPILATION OF MODULE SPI
OBJECT MODULE PLACED IN .\Objects\spi.obj
COMPILER INVOKED BY: C:\Keil_v5_c51\C51\BIN\C51.EXE spi.c OPTIMIZE(8,SPEED) BROWSE DEBUG OBJECTEXTEND PRINT(.\Listings\s
                    -pi.lst) TABS(2) OBJECT(.\Objects\spi.obj)

line level    source

   1          #include "spi.h"
   2          
   3          void spis8bit(u8 cmd, u8 dat)
   4          {
   5   1        
   6   1      }
*** WARNING C280 IN LINE 3 OF spi.c: 'cmd': unreferenced local variable
*** WARNING C280 IN LINE 3 OF spi.c: 'dat': unreferenced local variable
   7          
   8          
   9          


MODULE INFORMATION:   STATIC OVERLAYABLE
   CODE SIZE        =      5    ----
   CONSTANT SIZE    =   ----    ----
   XDATA SIZE       =   ----    ----
   PDATA SIZE       =   ----    ----
   DATA SIZE        =   ----       2
   IDATA SIZE       =   ----    ----
   BIT SIZE         =   ----    ----
END OF MODULE INFORMATION.


C51 COMPILATION COMPLETE.  2 WARNING(S),  0 ERROR(S)
