C51 COMPILER V9.60.0.0   USARTSPI                                                          11/25/2021 23:37:50 PAGE 1   


C51 COMPILER V9.60.0.0, COMPILATION OF MODULE USARTSPI
OBJECT MODULE PLACED IN .\Objects\usartspi.obj
COMPILER INVOKED BY: C:\Keil_v5_c51\C51\BIN\C51.EXE usartspi.c OPTIMIZE(8,SPEED) BROWSE DEBUG OBJECTEXTEND PRINT(.\Listi
                    -ngs\usartspi.lst) TABS(2) OBJECT(.\Objects\usartspi.obj)

line level    source

   1          #include <reg52.h>
   2          #include <intrins.h>
   3          #include "spi.h"
   4          void main(void)
   5          {
   6   1        
   7   1      }
   8            
   9          


MODULE INFORMATION:   STATIC OVERLAYABLE
   CODE SIZE        =      1    ----
   CONSTANT SIZE    =   ----    ----
   XDATA SIZE       =   ----    ----
   PDATA SIZE       =   ----    ----
   DATA SIZE        =   ----    ----
   IDATA SIZE       =   ----    ----
   BIT SIZE         =   ----    ----
END OF MODULE INFORMATION.


C51 COMPILATION COMPLETE.  0 WARNING(S),  0 ERROR(S)
