C51 COMPILER V9.60.0.0   DAC                                                               12/23/2021 17:14:35 PAGE 1   


C51 COMPILER V9.60.0.0, COMPILATION OF MODULE DAC
OBJECT MODULE PLACED IN .\Objects\dac.obj
COMPILER INVOKED BY: C:\Keil_v5_c51\C51\BIN\C51.EXE dac.c OPTIMIZE(8,SPEED) BROWSE DEBUG OBJECTEXTEND PRINT(.\Listings\d
                    -ac.lst) TABS(2) OBJECT(.\Objects\dac.obj)

line level    source

   1          #include <reg52.h>
   2          #include <intrins.h>
   3          
   4          #define u8 unsigned char
   5          #define u16 unsigned int
   6          
   7          sbit cs = P1^0;
   8          sbit clk = P1^1;
   9          sbit din = P1^2;
  10          u8 i;
  11          
  12          u8 dacdata;
  13          u8 outenable = 1;
  14          void delay(u16 t)
  15          {
  16   1        while(t--)
  17   1        _nop_();
  18   1      }
  19          void SerInit()
  20          {
  21   1        SM1 = 1;
  22   1        SM0 = 0;
  23   1        REN = 1;
  24   1        PCON |= 0x80;   //使能波特率倍速位SMOD
  25   1        AUXR |= 0x40;   //定时器时钟1T模式
  26   1        AUXR &= 0xFE;   //串口1选择定时器1为波特率发生器
  27   1        TMOD = 0x20;
  28   1        TH1 = 0xf3;
  29   1        TL1 = 0xf3;
  30   1        TR1 = 1;
  31   1        EA = 1;
  32   1        ES = 1;
  33   1        
  34   1      }
  35          
  36          void main(void)
  37          {
  38   1        u16 ii;
  39   1        SerInit();
  40   1        dacdata = 0xff;
  41   1        ii = 1;
  42   1        while(1)
  43   1        {
  44   2      //      clk = 0;
  45   2      //      _nop_();
  46   2      //      cs = 0;
  47   2      //      _nop_();
  48   2      //      for(i = 0; i < 12; i++)
  49   2      //      {
  50   2      //        din = dacdata>>7;
  51   2      //        _nop_();
  52   2      //        clk = 1;
  53   2      //        dacdata <<=1;
  54   2      //        clk = 0;
C51 COMPILER V9.60.0.0   DAC                                                               12/23/2021 17:14:35 PAGE 2   

  55   2      //      }
  56   2      //      cs = 1;
  57   2      //      clk = 1;
  58   2      //      outenable = 0;
  59   2      //      Delay14us();Delay14us();
  60   2      //      Delay14us();Delay14us();
  61   2      //      Delay14us();Delay14us();
  62   2      //      Delay14us();Delay14us();
  63   2      //      Delay14us();Delay14us();
  64   2      //      Delay14us();Delay14us();
  65   2      //      Delay14us();Delay14us();
  66   2      //      Delay14us();Delay14us();
  67   2      //      Delay14us();Delay14us();
  68   2      //      Delay14us();Delay14us();
  69   2      //    }
  70   2      //    if(ii == 1)
  71   2      //      dacdata = 0x00,ii = 0;
  72   2      //    else
  73   2      //      dacdata = 0xff, ii = 1;
  74   2        }
  75   1      }
  76          void Serinterrupt(void) interrupt 4
  77          {
  78   1        if(RI)
  79   1        {
  80   2      //    outenable = 1;
  81   2          dacdata = SBUF;
  82   2          REN = 0;
  83   2          din = 0;
  84   2          while(1)
  85   2          {
  86   3            _nop_();_nop_();_nop_();_nop_();_nop_();_nop_();
  87   3            if(dacdata > 8)
  88   3              dacdata -= 8;
  89   3            else
  90   3              break;
  91   3          }
  92   2          din = 1;
  93   2          RI = 0;
  94   2          REN = 1;
  95   2        }
  96   1        if(TI)
  97   1        TI = 0;
  98   1      }
  99          


MODULE INFORMATION:   STATIC OVERLAYABLE
   CODE SIZE        =    114    ----
   CONSTANT SIZE    =   ----    ----
   XDATA SIZE       =   ----    ----
   PDATA SIZE       =   ----    ----
   DATA SIZE        =      3       2
   IDATA SIZE       =   ----    ----
   BIT SIZE         =   ----    ----
END OF MODULE INFORMATION.


C51 COMPILATION COMPLETE.  0 WARNING(S),  0 ERROR(S)
