C51 COMPILER V9.60.0.0   M                                                                 12/23/2021 19:56:12 PAGE 1   


C51 COMPILER V9.60.0.0, COMPILATION OF MODULE M
OBJECT MODULE PLACED IN .\Objects\m.obj
COMPILER INVOKED BY: C:\Keil_v5_c51\C51\BIN\C51.EXE m.c OPTIMIZE(8,SPEED) BROWSE DEBUG OBJECTEXTEND PRINT(.\Listings\m.l
                    -st) TABS(2) OBJECT(.\Objects\m.obj)

line level    source

   1          #include <reg52.h>
   2          #include <intrins.h>
   3          #define u8 unsigned char
   4          sbit io = P0^7;
   5          void Delay40us()    //@12.000MHz
   6          {
   7   1        unsigned char i;
   8   1      
   9   1        _nop_();
  10   1        i = 17;
  11   1        while (--i);
  12   1      }
  13          void send(u8 g, u8 r, u8 b)
  14          {
  15   1        u8 i = 8;
  16   1        io = 0;
  17   1        while(i--)
  18   1        {
  19   2          if(g >> 7)
  20   2          {
  21   3            io = 1;
  22   3            _nop_();_nop_();
  23   3            io = 0;
  24   3          }else
  25   2          {
  26   3            io = 1;
  27   3            _nop_();
  28   3            io = 0;
  29   3          }
  30   2          g <<=1;
  31   2        }
  32   1        Delay40us();Delay40us();Delay40us();Delay40us();
  33   1          Delay40us();Delay40us();Delay40us();Delay40us();
  34   1          Delay40us();Delay40us();Delay40us();Delay40us();
  35   1          Delay40us();Delay40us();Delay40us();Delay40us();
  36   1          Delay40us();Delay40us();Delay40us();Delay40us();
  37   1          Delay40us();Delay40us();Delay40us();Delay40us();
  38   1        i = 8;
  39   1        while(i--)
  40   1        {
  41   2          if(r >> 7)
  42   2          {
  43   3            io = 1;
  44   3            _nop_();_nop_();
  45   3            io = 0;
  46   3          }else
  47   2          {
  48   3            io = 1;
  49   3            _nop_();
  50   3            io = 0;
  51   3          }
  52   2          r <<=1;
  53   2        }
  54   1        Delay40us();Delay40us();Delay40us();Delay40us();
C51 COMPILER V9.60.0.0   M                                                                 12/23/2021 19:56:12 PAGE 2   

  55   1          Delay40us();Delay40us();Delay40us();Delay40us();
  56   1          Delay40us();Delay40us();Delay40us();Delay40us();
  57   1          Delay40us();Delay40us();Delay40us();Delay40us();
  58   1          Delay40us();Delay40us();Delay40us();Delay40us();
  59   1          Delay40us();Delay40us();Delay40us();Delay40us();
  60   1        i = 8;
  61   1        while(i--)
  62   1        {
  63   2          if(b >> 7)
  64   2          {
  65   3            io = 1;
  66   3            _nop_();_nop_();
  67   3            io = 0;
  68   3          }else
  69   2          {
  70   3            io = 1;
  71   3            _nop_();
  72   3            io = 0;
  73   3          }
  74   2          b <<=1;
  75   2        }
  76   1        Delay40us();Delay40us();Delay40us();Delay40us();
  77   1          Delay40us();Delay40us();Delay40us();Delay40us();
  78   1          Delay40us();Delay40us();Delay40us();Delay40us();
  79   1          Delay40us();Delay40us();Delay40us();Delay40us();
  80   1          Delay40us();Delay40us();Delay40us();Delay40us();
  81   1          Delay40us();Delay40us();Delay40us();Delay40us();
  82   1      }
  83          void main()
  84          {
  85   1        u8 i;
  86   1        io = 0;
  87   1        Delay40us();Delay40us();
  88   1        while(1)
  89   1        {
  90   2          send(0xff,0xff,0);
  91   2          send(0xff,0,255);
  92   2          send(0,255,0xff);
  93   2          Delay40us();Delay40us();Delay40us();Delay40us();
  94   2          Delay40us();Delay40us();Delay40us();Delay40us();
  95   2          Delay40us();Delay40us();Delay40us();Delay40us();
  96   2          Delay40us();Delay40us();Delay40us();Delay40us();
  97   2          Delay40us();Delay40us();Delay40us();Delay40us();
  98   2          Delay40us();Delay40us();Delay40us();Delay40us();
  99   2          io = 1;
 100   2          Delay40us();Delay40us();Delay40us();Delay40us();
 101   2        }
 102   1        
 103   1      }
*** WARNING C280 IN LINE 85 OF m.c: 'i': unreferenced local variable


MODULE INFORMATION:   STATIC OVERLAYABLE
   CODE SIZE        =    239    ----
   CONSTANT SIZE    =   ----    ----
   XDATA SIZE       =   ----    ----
   PDATA SIZE       =   ----    ----
   DATA SIZE        =   ----       1
   IDATA SIZE       =   ----    ----
   BIT SIZE         =   ----    ----
END OF MODULE INFORMATION.


C51 COMPILATION COMPLETE.  1 WARNING(S),  0 ERROR(S)
