C51 COMPILER V9.60.0.0   IIC                                                               01/18/2023 23:24:13 PAGE 1   


C51 COMPILER V9.60.0.0, COMPILATION OF MODULE IIC
OBJECT MODULE PLACED IN .\Objects\iic.obj
COMPILER INVOKED BY: C:\Keil_v5_c51\C51\BIN\C51.EXE iic.c OPTIMIZE(8,SPEED) BROWSE INCDIR(..\130) DEBUG OBJECTEXTEND PRI
                    -NT(.\Listings\iic.lst) OBJECT(.\Objects\iic.obj)

line level    source

   1          #include "iic.h"
   2          
   3          
   4          
   5          u8 code Font_num[10][16] = {
   6          {0x00,0xE0,0x10,0x08,0x08,0x10,0xE0,0x00,0x00,0x0F,0x10,0x20,0x20,0x10,0x0F,0x00},
   7          {0x00,0x00,0x10,0x10,0xF8,0x00,0x00,0x00,0x00,0x00,0x20,0x20,0x3F,0x20,0x20,0x00},
   8          {0x00,0x70,0x08,0x08,0x08,0x08,0xF0,0x00,0x00,0x30,0x28,0x24,0x22,0x21,0x30,0x00},
   9          {0x00,0x30,0x08,0x08,0x08,0x88,0x70,0x00,0x00,0x18,0x20,0x21,0x21,0x22,0x1C,0x00},
  10          {0x00,0x00,0x80,0x40,0x30,0xF8,0x00,0x00,0x00,0x06,0x05,0x24,0x24,0x3F,0x24,0x24},
  11          {0x00,0xF8,0x88,0x88,0x88,0x08,0x08,0x00,0x00,0x19,0x20,0x20,0x20,0x11,0x0E,0x00},
  12          {0x00,0xE0,0x10,0x88,0x88,0x90,0x00,0x00,0x00,0x0F,0x11,0x20,0x20,0x20,0x1F,0x00},
  13          {0x00,0x18,0x08,0x08,0x88,0x68,0x18,0x00,0x00,0x00,0x00,0x3E,0x01,0x00,0x00,0x00},
  14          {0x00,0x70,0x88,0x08,0x08,0x88,0x70,0x00,0x00,0x1C,0x22,0x21,0x21,0x22,0x1C,0x00},
  15          {0x00,0xF0,0x08,0x08,0x08,0x10,0xE0,0x00,0x00,0x01,0x12,0x22,0x22,0x11,0x0F,0x00},
  16          };
  17          u8 code lty[10][16] = {
  18          
  19          //{0x08,0x  28,0x48,0x89,0x0E,0x88,0x78,0x08,0x08,0x00,0xF8,0x00,0x00,0xFF,0x00,0x00},
  20          //{0x40,0x20,0x10,0x09,0x06,0x19,0x60,0x00,0x00,0x00,0x0F,0x40,0x80,0x7F,0x00,0x00},
  21          
  22          //{0x40,0x40,0x42,0x42,0x42,0x42,0x42,0xFE,0x42,0x42,0x42,0x42,0x42,0x40,0x40,0x00},
  23          //{0x80,0x80,0x40,0x20,0x10,0x0C,0x03,0x00,0x03,0x0C,0x10,0x20,0x40,0x80,0x80,0x00},
  24          
  25          //{0x10,0x10,0x12,0xD2,0x56,0x5A,0x52,0x53,0x52,0x5A,0x56,0xD2,0x12,0x10,0x10,0x00},
  26          //{0x40,0x30,0x00,0x77,0x85,0x85,0x8D,0xB5,0x85,0x85,0x85,0xE7,0x00,0x10,0x60,0x00},
  27                  
  28          
  29          {0x00,0xEC,0xAA,0xA9,0xA8,0xAA,0xEC,0x00,0xDF,0x24,0x24,0xA2,0xA2,0x38,0x00,0x00},
  30          {0x80,0x6F,0x02,0x02,0x22,0xCA,0x0F,0x00,0x27,0xC9,0x09,0x08,0x28,0xCE,0x00,0x00},/*"熊",0*/
  31          /* (16 X 16 , 宋体 )*/
  32          
  33          {0x00,0x02,0x02,0x7A,0x4A,0x4A,0x4A,0x4A,0x7A,0x02,0x02,0x7E,0x02,0x02,0x00,0x00},
  34          {0x01,0x01,0x01,0x3D,0x25,0x25,0x25,0x25,0x3D,0x41,0x81,0x7F,0x01,0x01,0x01,0x00},/*"哥",1*/
  35          /* (16 X 16 , 宋体 )*/
  36          
  37          {0x00,0x02,0x02,0x7A,0x4A,0x4A,0x4A,0x4A,0x7A,0x02,0x02,0x7E,0x02,0x02,0x00,0x00},
  38          {0x01,0x01,0x01,0x3D,0x25,0x25,0x25,0x25,0x3D,0x41,0x81,0x7F,0x01,0x01,0x01,0x00},/*"哥",2*/
  39          /* (16 X 16 , 宋体 )*/
  40          
  41          {0x08,0x38,0xC8,0x00,0xC8,0x38,0x08,0x00,0x00,0x00,0x20,0x3F,0x20,0x00,0x00,0x00},
  42          
  43          {0x08,0x38,0xC8,0x00,0xC8,0x38,0x08,0x00,0x00,0x00,0x20,0x3F,0x20,0x00,0x00,0x00},
  44          
  45          {0x08,0xF8,0x08,0x08,0x08,0x10,0xE0,0x00,0x20,0x3F,0x20,0x20,0x20,0x10,0x0F,0x00},
  46          
  47          {0x00,0x70,0x88,0x08,0x08,0x08,0x38,0x00,0x00,0x38,0x20,0x21,0x21,0x22,0x1C,0x00},
  48          };
  49          u8 bdata Buffer;
  50          sbit buffb0 = Buffer^0;
  51          sbit buffb1 = Buffer^1;
  52          sbit buffb2 = Buffer^2;
  53          sbit buffb3 = Buffer^3;
  54          sbit buffb4 = Buffer^4;
C51 COMPILER V9.60.0.0   IIC                                                               01/18/2023 23:24:13 PAGE 2   

  55          sbit buffb5 = Buffer^5;
  56          sbit buffb6 = Buffer^6;
  57          sbit buffb7 = Buffer^7;
  58          void IIC_Start()
  59          {
  60   1              SDA = 1;
  61   1              SCL = 1;
  62   1              SDA = 0;
  63   1      }
  64          void IIC_Stop()
  65          {
  66   1              SDA = 0;
  67   1              SCL = 1;
  68   1              SDA = 1;
  69   1      }
  70          void IIC_Send(u8 dat)
  71          {
  72   1              Buffer = dat;
  73   1              SCL = 0;
  74   1              SDA = buffb7;
  75   1              SCL = 1;
  76   1              SCL = 0;
  77   1              SDA = buffb6;
  78   1              SCL = 1;
  79   1              SCL = 0;
  80   1              SDA = buffb5;
  81   1              SCL = 1;
  82   1              SCL = 0;
  83   1              SDA = buffb4;
  84   1              SCL = 1;
  85   1              SCL = 0;
  86   1              SDA = buffb3;
  87   1              SCL = 1;
  88   1              SCL = 0;
  89   1              SDA = buffb2;
  90   1              SCL = 1;
  91   1              SCL = 0;
  92   1              SDA = buffb1;
  93   1              SCL = 1;
  94   1              SCL = 0;
  95   1              SDA = buffb0;
  96   1              SCL = 1;
  97   1              
  98   1              //ack
  99   1              SCL = 0;
 100   1              SDA = 1;
 101   1              SCL = 1;
 102   1              SCL = 0;
 103   1      }
 104          void SSD1306_WriteCMD(u8 CMD)
 105          {
 106   1              IIC_Start();
 107   1              IIC_Send(IIC_Addr);
 108   1              IIC_Send(0x00);
 109   1              IIC_Send(CMD);
 110   1              IIC_Stop();
 111   1      }
 112          void SSD1306_WriteDATA(u8 *dat, u16 count)
 113          {
 114   1              IIC_Start();
 115   1              IIC_Send(IIC_Addr);
 116   1              IIC_Send(0x40);
C51 COMPILER V9.60.0.0   IIC                                                               01/18/2023 23:24:13 PAGE 3   

 117   1              while(count--)
 118   1              {
 119   2                      IIC_Send(*dat);
 120   2                      dat++;
 121   2              }
 122   1      }
 123          void SSD1306_Init()
 124          {
 125   1              SSD1306_WriteCMD(0xA8);
 126   1              SSD1306_WriteCMD(0x3F);
 127   1              SSD1306_WriteCMD(0xD3);
 128   1              SSD1306_WriteCMD(0x00);
 129   1              SSD1306_WriteCMD(0x40);
 130   1              SSD1306_WriteCMD(0xA1); //com
 131   1              SSD1306_WriteCMD(0xc8); //
 132   1              SSD1306_WriteCMD(0xDA);
 133   1              SSD1306_WriteCMD(0x12);
 134   1              
 135   1              SSD1306_WriteCMD(0x81);
 136   1              SSD1306_WriteCMD(0x7f);
 137   1              SSD1306_WriteCMD(0xa4);
 138   1              SSD1306_WriteCMD(0xa6);
 139   1              
 140   1              SSD1306_WriteCMD(0xd5);
 141   1              SSD1306_WriteCMD(0x00);
 142   1              
 143   1              SSD1306_WriteCMD(0x8d);
 144   1              SSD1306_WriteCMD(0x14);
 145   1              SSD1306_WriteCMD(0xaf);
 146   1              
 147   1              SSD1306_WriteCMD(0xd9);
 148   1              SSD1306_WriteCMD(0x22);
 149   1              
 150   1              
 151   1              SSD1306_WriteCMD(0x81);
 152   1              SSD1306_WriteCMD(0xff);
 153   1              
 154   1              //水平寻址模式
 155   1              SSD1306_WriteCMD(0x20);
 156   1              SSD1306_WriteCMD(0x00);
 157   1              
 158   1              
 159   1      //      SSD1306_WriteCMD(0xa5); // 全亮
 160   1      }
 161          
 162          void SSD1306_SetPageAddr(u8 StartAddr, u8 EndAddr)
 163          {
 164   1              SSD1306_WriteCMD(0x22);
 165   1              SSD1306_WriteCMD(StartAddr & 0x07);
 166   1              SSD1306_WriteCMD(EndAddr & 0x07);
 167   1      }
 168          
 169          void SSD1306_SetColAddr(u8 StartAddr, u8 EndAddr)
 170          {
 171   1              SSD1306_WriteCMD(0x21);
 172   1              SSD1306_WriteCMD(StartAddr & 0x7f);
 173   1              SSD1306_WriteCMD(EndAddr & 0x7f);
 174   1      }
 175          void SSD1306_Clear()
 176          {
 177   1              u16 i = 1024;
 178   1              SSD1306_SetPageAddr(0, 7);
C51 COMPILER V9.60.0.0   IIC                                                               01/18/2023 23:24:13 PAGE 4   

 179   1              SSD1306_SetColAddr(0, 127);
 180   1              IIC_Start();
 181   1              IIC_Send(IIC_Addr);
 182   1              IIC_Send(0x40);
 183   1              while(i--)
 184   1              {
 185   2                      IIC_Send(0x00);
 186   2              }
 187   1              IIC_Stop();
 188   1      }
 189          void SSD1306_SetPos(u8 x, u8 y)
 190          {
 191   1              SSD1306_SetPageAddr(y, 7);
 192   1              SSD1306_SetColAddr(x * 8, 127);
 193   1      }
 194          
 195          void SSD1306_DrawCh(u8 ch, u8 x, u8 y)
 196          {
 197   1              SSD1306_SetPos(x , y*2);
 198   1              if(ch >= '0' && ch <= '9')
 199   1              {
 200   2                      ch = ch - '0';
 201   2                      SSD1306_SetPageAddr(y*2, y*2);
 202   2                      SSD1306_SetColAddr(x * 8, x * 8 + 7);
 203   2                      SSD1306_WriteDATA(Font_num[ch], 8);
 204   2                      SSD1306_SetPageAddr(y*2 + 1, y*2 + 1);
 205   2                      SSD1306_SetColAddr(x * 8, x * 8 + 7);
 206   2                      SSD1306_WriteDATA(Font_num[ch] + 8, 8);
 207   2              }
 208   1              
 209   1      }
 210          void SSD1306_SetCon(u8 Contrast)
 211          {
 212   1              SSD1306_WriteCMD(0x81);
 213   1              SSD1306_WriteCMD(Contrast);
 214   1      }
 215          
 216          void ltyd()
 217          {
 218   1              SSD1306_SetPos(0, 0);
 219   1              SSD1306_WriteDATA(lty[0], 16);
 220   1              SSD1306_SetPos(0, 1);
 221   1              SSD1306_WriteDATA(lty[1], 16);
 222   1              SSD1306_SetPos(0, 2);
 223   1              SSD1306_WriteDATA(lty[0], 16);
 224   1              SSD1306_SetPos(0, 3);
 225   1              SSD1306_WriteDATA(lty[1], 16);
 226   1              SSD1306_SetPos(0, 4);
 227   1              SSD1306_WriteDATA(lty[0], 16);
 228   1              SSD1306_SetPos(0, 5);
 229   1              SSD1306_WriteDATA(lty[1], 16);
 230   1              SSD1306_SetPos(0, 6);
 231   1              SSD1306_WriteDATA(lty[0], 16);
 232   1              SSD1306_SetPos(0, 7);
 233   1              SSD1306_WriteDATA(lty[1], 16);
 234   1              
 235   1              SSD1306_SetPos(2, 0);
 236   1              SSD1306_WriteDATA(lty[2], 16);
 237   1              SSD1306_SetPos(2, 1);
 238   1              SSD1306_WriteDATA(lty[3], 16);
 239   1              SSD1306_SetPos(2, 2);
 240   1              SSD1306_WriteDATA(lty[2], 16);
C51 COMPILER V9.60.0.0   IIC                                                               01/18/2023 23:24:13 PAGE 5   

 241   1              SSD1306_SetPos(2, 3);
 242   1              SSD1306_WriteDATA(lty[3], 16);
 243   1              SSD1306_SetPos(2, 4);
 244   1              SSD1306_WriteDATA(lty[2], 16);
 245   1              SSD1306_SetPos(2, 5);
 246   1              SSD1306_WriteDATA(lty[3], 16);
 247   1              SSD1306_SetPos(2, 6);
 248   1              SSD1306_WriteDATA(lty[2], 16);
 249   1              SSD1306_SetPos(2, 7);
 250   1              SSD1306_WriteDATA(lty[3], 16);
 251   1              
 252   1              SSD1306_SetPos(4, 0);
 253   1              SSD1306_WriteDATA(lty[4], 16);
 254   1              SSD1306_SetPos(4, 1);
 255   1              SSD1306_WriteDATA(lty[5], 16);
 256   1              SSD1306_SetPos(4, 2);
 257   1              SSD1306_WriteDATA(lty[4], 16);
 258   1              SSD1306_SetPos(4, 3);
 259   1              SSD1306_WriteDATA(lty[5], 16);
 260   1              SSD1306_SetPos(4, 4);
 261   1              SSD1306_WriteDATA(lty[4], 16);
 262   1              SSD1306_SetPos(4, 5);
 263   1              SSD1306_WriteDATA(lty[5], 16);
 264   1              SSD1306_SetPos(4, 6);
 265   1              SSD1306_WriteDATA(lty[4], 16);
 266   1              SSD1306_SetPos(4, 7);
 267   1              SSD1306_WriteDATA(lty[5], 16);
 268   1              
 269   1              SSD1306_SetPos(6, 0);
 270   1              SSD1306_WriteDATA(lty[6], 8);
 271   1              SSD1306_SetPos(6, 1);
 272   1              SSD1306_WriteDATA(lty[6] +8, 8);
 273   1              SSD1306_SetPos(6, 2);
 274   1              SSD1306_WriteDATA(lty[6], 8);
 275   1              SSD1306_SetPos(6, 3);
 276   1              SSD1306_WriteDATA(lty[6] +8, 8);
 277   1              SSD1306_SetPos(6, 4);
 278   1              SSD1306_WriteDATA(lty[6], 8);
 279   1              SSD1306_SetPos(6, 5);
 280   1              SSD1306_WriteDATA(lty[6] +8, 8);
 281   1              SSD1306_SetPos(6, 6);
 282   1              SSD1306_WriteDATA(lty[6], 8);
 283   1              SSD1306_SetPos(6, 7);
 284   1              SSD1306_WriteDATA(lty[6] +8, 8);
 285   1              
 286   1              SSD1306_SetPos(7, 0);
 287   1              SSD1306_WriteDATA(lty[7], 8);
 288   1              SSD1306_SetPos(7, 1);
 289   1              SSD1306_WriteDATA(lty[7] +8, 8);
 290   1              SSD1306_SetPos(7, 2);
 291   1              SSD1306_WriteDATA(lty[7], 8);
 292   1              SSD1306_SetPos(7, 3);
 293   1              SSD1306_WriteDATA(lty[7] +8, 8);
 294   1              SSD1306_SetPos(7, 4);
 295   1              SSD1306_WriteDATA(lty[7], 8);
 296   1              SSD1306_SetPos(7, 5);
 297   1              SSD1306_WriteDATA(lty[7] +8, 8);
 298   1              SSD1306_SetPos(7, 6);
 299   1              SSD1306_WriteDATA(lty[7], 8);
 300   1              SSD1306_SetPos(7, 7);
 301   1              SSD1306_WriteDATA(lty[7] +8, 8);
 302   1              
C51 COMPILER V9.60.0.0   IIC                                                               01/18/2023 23:24:13 PAGE 6   

 303   1              SSD1306_SetPos(8, 0);
 304   1              SSD1306_WriteDATA(lty[8], 8);
 305   1              SSD1306_SetPos(8, 1);
 306   1              SSD1306_WriteDATA(lty[8] +8, 8);
 307   1              SSD1306_SetPos(8, 2);
 308   1              SSD1306_WriteDATA(lty[8], 8);
 309   1              SSD1306_SetPos(8, 3);
 310   1              SSD1306_WriteDATA(lty[8] +8, 8);
 311   1              SSD1306_SetPos(8, 4);
 312   1              SSD1306_WriteDATA(lty[8], 8);
 313   1              SSD1306_SetPos(8, 5);
 314   1              SSD1306_WriteDATA(lty[8] +8, 8);
 315   1              SSD1306_SetPos(8, 6);
 316   1              SSD1306_WriteDATA(lty[8], 8);
 317   1              SSD1306_SetPos(8, 7);
 318   1              SSD1306_WriteDATA(lty[8] +8, 8);
 319   1              
 320   1              SSD1306_SetPos(9, 0);
 321   1              SSD1306_WriteDATA(lty[9], 8);
 322   1              SSD1306_SetPos(9, 1);
 323   1              SSD1306_WriteDATA(lty[9] +8, 8);
 324   1              SSD1306_SetPos(9, 2);
 325   1              SSD1306_WriteDATA(lty[9], 8);
 326   1              SSD1306_SetPos(9, 3);
 327   1              SSD1306_WriteDATA(lty[9] +8, 8);
 328   1              SSD1306_SetPos(9, 4);
 329   1              SSD1306_WriteDATA(lty[9], 8);
 330   1              SSD1306_SetPos(9, 5);
 331   1              SSD1306_WriteDATA(lty[9] +8, 8);
 332   1              SSD1306_SetPos(9, 6);
 333   1              SSD1306_WriteDATA(lty[9], 8);
 334   1              SSD1306_SetPos(9, 7);
 335   1              SSD1306_WriteDATA(lty[9] +8, 8);
 336   1              
 337   1      }
 338          
 339          


MODULE INFORMATION:   STATIC OVERLAYABLE
   CODE SIZE        =   1453    ----
   CONSTANT SIZE    =    320    ----
   XDATA SIZE       =   ----    ----
   PDATA SIZE       =   ----    ----
   DATA SIZE        =      1       3
   IDATA SIZE       =   ----    ----
   BIT SIZE         =   ----    ----
END OF MODULE INFORMATION.


C51 COMPILATION COMPLETE.  0 WARNING(S),  0 ERROR(S)
