C51 COMPILER V9.60.0.0   MAIN                                                              12/27/2022 20:45:27 PAGE 1   


C51 COMPILER V9.60.0.0, COMPILATION OF MODULE MAIN
OBJECT MODULE PLACED IN .\Objects\main.obj
COMPILER INVOKED BY: C:\Keil_v5_c51\C51\BIN\C51.EXE main.c OPTIMIZE(8,SPEED) BROWSE INCDIR(..\130) DEBUG OBJECTEXTEND PR
                    -INT(.\Listings\main.lst) OBJECT(.\Objects\main.obj)

line level    source

   1          #include "iic.h"
   2          
   3          sfr P2M1 = 0x95;
   4          sfr P2M0 = 0x96;
   5          sbit P20 = P2^0;
   6          sbit P21 = P2^1;
   7          u8 code buff[20] = {0xff, 0x0f, 0xff, 0xff,0xff,0,0,0};
   8          void delay(u16 time)
   9          {
  10   1              while(time--);
  11   1      }
  12          int main()
  13          {
  14   1              unsigned long i = 0;
  15   1              P2M0 = 0x03;
  16   1              P2M1 = 0x00;
  17   1              P20 = 0;
  18   1              P21 = 1;
  19   1              delay(10000);
  20   1              SSD1306_Init();
  21   1              SSD1306_Clear();
  22   1              
  23   1      //      ltyd();
  24   1              SSD1306_DrawCh(6 + '0', 6, 1);
  25   1              SSD1306_SetCon(255);
  26   1              while(1)
  27   1              {
  28   2                      SSD1306_SetCon(1);
  29   2                      delay(60000);delay(60000);delay(60000);delay(60000);delay(60000);
  30   2                      SSD1306_SetCon(10);
  31   2                      delay(60000);delay(60000);delay(60000);delay(60000);delay(60000);
  32   2      //              SSD1306_WriteDATA(buff, 1);
  33   2      //              SSD1306_DrawCh((i / 100) % 10 + '0', 4, 0);
  34   2      //              SSD1306_DrawCh((i / 10) % 10 + '0', 5, 0);
  35   2      //              SSD1306_DrawCh((i) % 10 + '0', 6, 1);
  36   2      //              
  37   2      //              SSD1306_DrawCh((i / 1000000000000000) % 10 + '0', 0, 3);
  38   2      //              SSD1306_DrawCh((i / 100000000000000) % 10 + '0', 1, 3);
  39   2      //              SSD1306_DrawCh((i / 10000000000000) % 10 + '0', 2, 3);
  40   2      //              SSD1306_DrawCh((i / 1000000000000) % 10 + '0', 3, 3);
  41   2      //              SSD1306_DrawCh((i / 100000000000) % 10 + '0', 4, 3);
  42   2      //              SSD1306_DrawCh((i / 10000000000) % 10 + '0', 5, 3);
  43   2      //              SSD1306_DrawCh((i / 1000000000) % 10 + '0', 6, 3);
  44   2      //              SSD1306_DrawCh((i / 100000000) % 10 + '0', 7, 3);
  45   2      //              SSD1306_DrawCh((i / 10000000) % 10 + '0', 8, 3);
  46   2      //              SSD1306_DrawCh((i / 1000000) % 10 + '0', 9, 3);
  47   2      //              SSD1306_DrawCh((i / 100000) % 10 + '0', 10, 3);
  48   2      //              SSD1306_DrawCh((i / 10000) % 10 + '0', 11, 3);
  49   2      //              SSD1306_DrawCh((i / 1000) % 10 + '0', 12, 3);
  50   2      //              SSD1306_DrawCh((i / 100) % 10 + '0', 13, 3);
  51   2      //              SSD1306_DrawCh((i / 10) % 10 + '0', 14, 3);
  52   2      //              SSD1306_DrawCh((i) % 10 + '0', 15, 3);
  53   2      //              delay(2000);
  54   2                      
C51 COMPILER V9.60.0.0   MAIN                                                              12/27/2022 20:45:27 PAGE 2   

  55   2                      i = 0xffffffff;
  56   2              }
  57   1      }
  58          


MODULE INFORMATION:   STATIC OVERLAYABLE
   CODE SIZE        =    116    ----
   CONSTANT SIZE    =     20    ----
   XDATA SIZE       =   ----    ----
   PDATA SIZE       =   ----    ----
   DATA SIZE        =   ----       4
   IDATA SIZE       =   ----    ----
   BIT SIZE         =   ----    ----
END OF MODULE INFORMATION.


C51 COMPILATION COMPLETE.  0 WARNING(S),  0 ERROR(S)
