C51 COMPILER V9.60.0.0   ZUOYE                                                             12/27/2021 23:41:03 PAGE 1   


C51 COMPILER V9.60.0.0, COMPILATION OF MODULE ZUOYE
OBJECT MODULE PLACED IN .\Objects\zuoye.obj
COMPILER INVOKED BY: C:\Keil_v5_c51\C51\BIN\C51.exe zuoye.c OPTIMIZE(8,SPEED) BROWSE DEBUG OBJECTEXTEND PRINT(.\Listings
                    -\zuoye.lst) TABS(2) OBJECT(.\Objects\zuoye.obj)

line level    source

   1          #include <reg52.h>
   2          #include <intrins.h>
   3          
   4          typedef unsigned int u16;
   5          typedef unsigned char u8;
   6          
   7          #define KEY   P2
   8          #define DIG   P0
   9          sbit lsa = P1^0;
  10          sbit lsb = P1^1;
  11          sbit lsc = P1^2;
  12          u8 Bri = 0,tBri = 0;
  13          u8 data smgdata[] = {0x3f,0x06,0x5b,0x4f,0x66,0x6d,0x7d,0x07,
  14          0x7f,0x6f,0x77,0x7c,0x39,0x5e,0x79,0x71}; // 0 到 F 
  15          u8 DisplayData[8] = {0x5b,0x3f,0x5b,0x06,0x40,0x40,0x88,0x80};
  16          //        
  17          void delay(u16 t);
  18          u8 keydect(void);
  19          void DIGDisplay(void);
  20          
  21          void main(void)
  22          {
  23   1        u8 kv;
  24   1        while(1)
  25   1        {
  26   2          kv = keydect();
  27   2          if(kv >= 12)
  28   2            kv = 255;
  29   2          if(kv != 255)
  30   2          {
  31   3            Bri = 100;
  32   3            kv++;
  33   3            DisplayData[6] = smgdata[(kv/10)%10];
  34   3            DisplayData[7] = smgdata[kv%10];
  35   3            DIGDisplay();
  36   3          }
  37   2          else
  38   2            DIG = 0x00;
  39   2      //    if(Bri != tBri)
  40   2      //    {
  41   2      //      if(Bri < tBri)
  42   2      //        {
  43   2      //        Bri++;
  44   2      //      }
  45   2      //      else
  46   2      //      {
  47   2      //        Bri--;
  48   2      //      }
  49   2      //    }
  50   2          delay(100);
  51   2          
  52   2        }
  53   1      }
  54          
C51 COMPILER V9.60.0.0   ZUOYE                                                             12/27/2021 23:41:03 PAGE 2   

  55          void DIGDisplay(void) //显示Displaydata[8] 的内容
  56          {
  57   1        u8 i;
  58   1        for(i = 0; i < 8; i++)
  59   1        {
  60   2          switch(i) //位选
  61   2          {
  62   3            case 0:
  63   3              lsa = 0; lsb = 0; lsc = 0;break;
  64   3            case 1:
  65   3              lsa = 0; lsb = 0; lsc = 1;break;
  66   3            case 2:
  67   3              lsa = 0; lsb = 1; lsc = 0;break;
  68   3            case 3:
  69   3              lsa = 0; lsb = 1; lsc = 1;break;
  70   3            case 4:
  71   3              lsa = 1; lsb = 0; lsc = 0;break;
  72   3            case 5:
  73   3              lsa = 1; lsb = 0; lsc = 1;break;
  74   3            case 6:
  75   3              lsa = 1; lsb = 1; lsc = 0;break;
  76   3            case 7:
  77   3              lsa = 1; lsb = 1; lsc = 1;break;
  78   3          }
  79   2          DIG = DisplayData[i]; //显示及消隐
  80   2          delay(100);
  81   2          DIG = 0x00;
  82   2        }
  83   1      }
  84          
  85          u8 keydect(void)
  86          {
  87   1        u8 KeyVal = 255;
  88   1        KEY = 0x0f;
  89   1        if(KEY != 0x0f)
  90   1        {
  91   2          delay(200);
  92   2          if(KEY != 0x0f)
  93   2          {
  94   3            
  95   3            switch(KEY)
  96   3            {
  97   4              case 0x0e:
  98   4                KeyVal = 3;break;
  99   4              case 0x0d:
 100   4                KeyVal = 2;break;
 101   4              case 0x0b:
 102   4                KeyVal = 1;break;
 103   4              case 0x07:
 104   4                KeyVal = 0;break;
 105   4              default:
 106   4                KeyVal = 255;break;
 107   4            }
 108   3            KEY = 0xf0;
 109   3            switch(KEY)
 110   3            {
 111   4              case 0xe0:
 112   4                KeyVal += 12;break;
 113   4              case 0xd0:
 114   4                KeyVal += 8;break;
 115   4              case 0xb0:
 116   4                KeyVal += 4;break;
C51 COMPILER V9.60.0.0   ZUOYE                                                             12/27/2021 23:41:03 PAGE 3   

 117   4              case 0x70:
 118   4                KeyVal += 0;break;
 119   4              default:
 120   4                KeyVal = 255;break;
 121   4            }
 122   3          }
 123   2        }
 124   1        return KeyVal;
 125   1      }
 126          
 127          void delay(u16 t)
 128          {
 129   1        while(t--)
 130   1          _nop_();
 131   1      }


MODULE INFORMATION:   STATIC OVERLAYABLE
   CODE SIZE        =    319    ----
   CONSTANT SIZE    =   ----    ----
   XDATA SIZE       =   ----    ----
   PDATA SIZE       =   ----    ----
   DATA SIZE        =     26       2
   IDATA SIZE       =   ----    ----
   BIT SIZE         =   ----    ----
END OF MODULE INFORMATION.


C51 COMPILATION COMPLETE.  0 WARNING(S),  0 ERROR(S)
