C51 COMPILER V9.60.0.0   MAIN                                                              10/14/2022 19:20:31 PAGE 1   


C51 COMPILER V9.60.0.0, COMPILATION OF MODULE MAIN
OBJECT MODULE PLACED IN .\Objects\main.obj
COMPILER INVOKED BY: C:\Keil_v5_c51\C51\BIN\C51.EXE main.c OPTIMIZE(8,SPEED) BROWSE DEBUG OBJECTEXTEND PRINT(.\Listings\
                    -main.lst) OBJECT(.\Objects\main.obj)

line level    source

   1          #include <reg52.h>
   2          #include <intrins.h>
   3          #include "main.h"
   4          
   5          u8 tim_cnt = 0;
   6          u8 pwm_dutya = 0;
   7          u8 pwm_dutyb = 0;
   8          u8 inl_state, inr_state;
   9          u8 count = 0;
  10          
  11          
  12          sbit pwma = P0^1;
  13          sbit pwmb = P0^0;
  14          sbit ma1 = P0^4;
  15          sbit ma2 = P0^5;
  16          sbit mb1 = P0^2;
  17          sbit mb2 = P0^3;
  18          sbit inl = P2^0;
  19          sbit inm = P2^1;
  20          sbit inr = P2^2;
  21          
  22          void main()
  23          {
  24   1              SysInit();
  25   1              
  26   1              
  27   1              while(1)
  28   1              {
  29   2                      scan();
  30   2                      
  31   2              }
  32   1      }
  33          void delay(u16 time)
  34          {
  35   1              while(time--);
  36   1      }
  37          void SysInit(void)
  38          {
  39   1              TMOD = 0x02;
  40   1              TH0 = 156;
  41   1              TL0 = 156;
  42   1              EA = 1;
  43   1              ET0 = 1;
  44   1              TR0 = 1;
  45   1              inl_state = inl;
  46   1              inr_state = inr;
  47   1      }
  48          void scan()
  49          {
  50   1              if((inl == 1) && (inr == 1))
  51   1              {
  52   2                      if(count == 0)
  53   2                      {
  54   3                              Set_moto(10, 10, 1);
C51 COMPILER V9.60.0.0   MAIN                                                              10/14/2022 19:20:31 PAGE 2   

  55   3                              count++;
  56   3                              delay(10000);
  57   3                      }
  58   2                      else if(count == 1)
  59   2                      {
  60   3                              count++;
  61   3                              Set_moto(2, 10, 1);
  62   3                              delay(10000);
  63   3                      }
  64   2                      else if(count == 2)
  65   2                      {
  66   3                              count++;
  67   3                              Set_moto(2, 10, 1);
  68   3                              delay(10000);
  69   3                      }
  70   2                      else
  71   2                      {
  72   3                              Set_moto(0, 0, 1);
  73   3                      }
  74   2                      
  75   2              }
  76   1              else if(inr == 1)
  77   1              {
  78   2                      Set_moto(0, 10, 1);
  79   2              }
  80   1              else if(inl == 1)
  81   1              {
  82   2                      Set_moto(10, 0, 1);
  83   2              }
  84   1              else
  85   1              {
  86   2                      Set_moto(6, 6, 1);
  87   2              }
  88   1      }
  89          
  90          
  91          void Set_moto(u8 dutya, u8 dutyb, u8 runmode)
  92          {
  93   1              if(dutya <= 10)
  94   1                      pwm_dutya = dutya;
  95   1              if(dutyb <= 10)
  96   1                      pwm_dutyb = dutyb;
  97   1              switch(runmode)
  98   1              {
  99   2                      case 1:  //Ç°½ø
 100   2                              ma1 = 0;
 101   2                              ma2 = 1;
 102   2                              mb1 = 0;
 103   2                              mb2 = 1;
 104   2                              break;
 105   2                      case 2:
 106   2                              ma1 = 1;
 107   2                              ma2 = 0;
 108   2                              mb1 = 1;
 109   2                              mb2 = 0;
 110   2                              break;
 111   2              }
 112   1      }
 113          void TRQ_T0() interrupt 1
 114          {
 115   1              if(tim_cnt < 10)
 116   1                      tim_cnt++;
C51 COMPILER V9.60.0.0   MAIN                                                              10/14/2022 19:20:31 PAGE 3   

 117   1              else
 118   1                      tim_cnt = 0;
 119   1              if(pwm_dutya > tim_cnt)
 120   1                      pwma = 1;
 121   1              else
 122   1                      pwma = 0;
 123   1              if(pwm_dutyb > tim_cnt)
 124   1                      pwmb = 1;
 125   1              else
 126   1                      pwmb = 0;
 127   1              
 128   1      }
 129          
 130          
 131          


MODULE INFORMATION:   STATIC OVERLAYABLE
   CODE SIZE        =    244    ----
   CONSTANT SIZE    =   ----    ----
   XDATA SIZE       =   ----    ----
   PDATA SIZE       =   ----    ----
   DATA SIZE        =      6    ----
   IDATA SIZE       =   ----    ----
   BIT SIZE         =   ----    ----
END OF MODULE INFORMATION.


C51 COMPILATION COMPLETE.  0 WARNING(S),  0 ERROR(S)
