C51 COMPILER V9.60.0.0   SPI                                                               12/12/2021 21:16:33 PAGE 1   


C51 COMPILER V9.60.0.0, COMPILATION OF MODULE SPI
OBJECT MODULE PLACED IN .\Objects\spi.obj
COMPILER INVOKED BY: C:\Keil_v5_c51\C51\BIN\C51.EXE spi.c OPTIMIZE(8,SPEED) BROWSE DEBUG OBJECTEXTEND PRINT(.\Listings\s
                    -pi.lst) TABS(2) OBJECT(.\Objects\spi.obj)

line level    source

   1          #include "spi.h"
   2          
   3          u16 xpt2046r(u8 cmd)
   4          {
   5   1        u16 dat = 0x00;
   6   1        u8 i;
   7   1        clk = 0;
   8   1        _nop_();_nop_();_nop_();
   9   1        cs = 0;
  10   1        for(i = 0; i < 8; i++)
  11   1        {
  12   2          din = cmd >>7;
  13   2          cmd <<= 1;
  14   2          clk = 1;
  15   2          _nop_();_nop_();
  16   2          clk = 0;
  17   2          _nop_();
  18   2        }
  19   1      //  for(i=6; i>0; i--);
  20   1        _nop_();_nop_();
  21   1        clk = 1;
  22   1        _nop_();_nop_();
  23   1        clk = 0;
  24   1        _nop_();_nop_();
  25   1        for(i = 0; i < 12; i++)
  26   1        {
  27   2          dat |= dout;
  28   2          dat <<= 1;
  29   2          clk = 1;
  30   2          _nop_();_nop_();
  31   2          clk = 0;
  32   2          _nop_();_nop_();
  33   2        }
  34   1        cs = 1;
  35   1        return dat;
  36   1      }


MODULE INFORMATION:   STATIC OVERLAYABLE
   CODE SIZE        =     97    ----
   CONSTANT SIZE    =   ----    ----
   XDATA SIZE       =   ----    ----
   PDATA SIZE       =   ----    ----
   DATA SIZE        =   ----    ----
   IDATA SIZE       =   ----    ----
   BIT SIZE         =   ----    ----
END OF MODULE INFORMATION.


C51 COMPILATION COMPLETE.  0 WARNING(S),  0 ERROR(S)
