C51 COMPILER V9.60.0.0   18B20                                                             01/18/2022 08:23:13 PAGE 1   


C51 COMPILER V9.60.0.0, COMPILATION OF MODULE 18B20
OBJECT MODULE PLACED IN .\Objects\18b20.obj
COMPILER INVOKED BY: C:\Keil_v5_c51\C51\BIN\C51.EXE 18b20.c OPTIMIZE(8,SPEED) BROWSE DEBUG OBJECTEXTEND PRINT(.\Listings
                    -\18b20.lst) TABS(2) OBJECT(.\Objects\18b20.obj)

line level    source

   1          #include "18b20.h"
   2          void Delay550us()   //@12.000MHz
   3          {
   4   1        unsigned char i, j;
   5   1      
   6   1        i = 2;
   7   1        j = 14;
   8   1        do
   9   1        {
  10   2          while (--j);
  11   2        } while (--i);
  12   1      }
  13          void Delay45us()    //@12.000MHz
  14          {
  15   1        unsigned char i;
  16   1      
  17   1        i = 20;
  18   1        while (--i);
  19   1      }
  20          
  21          
  22          void dsinit(void)
  23          {
  24   1        dio = 0;
  25   1        Delay550us();
  26   1        dio = 1;
  27   1        Delay550us();
  28   1      }
  29          void dsw8bit(u8 dat)
  30          {
  31   1        u8 i,j;
  32   1        for(j = 0; j<8; j++)
  33   1        {
  34   2          dio = 0;
  35   2          _nop_();//1us
  36   2          dio = dat&0x01; //先发低位
  37   2          i = 6;
  38   2          while(i--);//68us
  39   2          dio = 1;
  40   2          dat = dat>>1;
  41   2        }
  42   1      }
  43          u8 dsr8bit(void)
  44          {
  45   1        u8 j,dat = 0x00,di;
  46   1        for(j = 0; j<8; j++)
  47   1        {
  48   2          dio = 0;
  49   2          _nop_();//3us
  50   2          dio = 1;
  51   2          _nop_();_nop_();_nop_();
  52   2          _nop_();_nop_();_nop_();
  53   2          _nop_();_nop_();_nop_();
  54   2          di = dio;
C51 COMPILER V9.60.0.0   18B20                                                             01/18/2022 08:23:13 PAGE 2   

  55   2          dat = (dat >> 1) | (di << 7); 
  56   2          Delay45us();
  57   2        }
  58   1        return dat;
  59   1      }
  60          int dsmeasuretemp(void)
  61          {
  62   1        u8 l,h;
  63   1        float t;
  64   1        int temp = 0;
  65   1        dsinit();
  66   1        dsw8bit(0xcc); //跳过rom
  67   1        dsw8bit(0x44); //启动转换
  68   1        
  69   1        dsinit();
  70   1        dsw8bit(0xcc); //跳过rom
  71   1        dsw8bit(0xbe); //读取温度
  72   1        l = dsr8bit();
  73   1        h = dsr8bit();
  74   1        temp = h;
  75   1        temp = temp<<8;
  76   1        temp |= l;
  77   1        temp *= 0.625;
  78   1        return temp;
  79   1      }
*** WARNING C280 IN LINE 63 OF 18b20.c: 't': unreferenced local variable


MODULE INFORMATION:   STATIC OVERLAYABLE
   CODE SIZE        =    176    ----
   CONSTANT SIZE    =   ----    ----
   XDATA SIZE       =   ----    ----
   PDATA SIZE       =   ----    ----
   DATA SIZE        =   ----       4
   IDATA SIZE       =   ----    ----
   BIT SIZE         =   ----    ----
END OF MODULE INFORMATION.


C51 COMPILATION COMPLETE.  1 WARNING(S),  0 ERROR(S)
