C51 COMPILER V9.60.0.0   MAIN                                                              01/18/2022 08:23:13 PAGE 1   


C51 COMPILER V9.60.0.0, COMPILATION OF MODULE MAIN
OBJECT MODULE PLACED IN .\Objects\main.obj
COMPILER INVOKED BY: C:\Keil_v5_c51\C51\BIN\C51.EXE main.c OPTIMIZE(8,SPEED) BROWSE DEBUG OBJECTEXTEND PRINT(.\Listings\
                    -main.lst) TABS(2) OBJECT(.\Objects\main.obj)

line level    source

   1          #include "18b20.h"
   2          #include <reg52.h>
   3          #include <intrins.h>
   4          
   5          unsigned char code smgd[16] = {0x3f,0x06,0x5b,0x4f,0x66,0x6d,0x7d,0x07,
   6                    0x7f,0x6f,0x77,0x7c,0x39,0x5e,0x79,0x71};//显示0~F的值
   7          sbit lsa = P1^1;
   8          sbit lsb = P1^2;
   9          sbit lsc = P1^3;
  10          void delay(u16 t);
  11          void smgdisplay(long dat);
  12          void main(void)
  13          {
  14   1        long tem;
  15   1        
  16   1        while(1)
  17   1        {
  18   2          tem = dsmeasuretemp();
  19   2      //    tem = 32;
  20   2          smgdisplay(tem);
  21   2        }
  22   1        
  23   1      }
  24          
  25          void smgdisplay(long dat)
  26          {
  27   1        u8 i;
  28   1        u8 ddat[8] = {0};
  29   1        if(dat<0)
  30   1        {
  31   2          ddat[3] = 0x40; //正负显示
  32   2          dat = ~dat + 1; //取绝对值
  33   2        }
  34   1        ddat[0] = smgd[dat%10];
  35   1        ddat[1] = smgd[(dat/10)%10];
  36   1        ddat[1] |= 0x80;
  37   1        ddat[2] = smgd[(dat/100)%10];
  38   1      //  ddat[3] = smgd[(dat/1000)%10];
  39   1      //  ddat[4] = smgd[(dat/10000)%10];
  40   1      //  ddat[5] = smgd[(dat/100000)%10];
  41   1      //  ddat[6] = smgd[(dat/1000000)%10];
  42   1        for(i = 0; i<8; i++)
  43   1        {
  44   2          switch(i%8)
  45   2          {
  46   3            case 0:
  47   3              lsa = 0;lsb = 0; lsc = 0;
  48   3              P0 = ddat[7];
  49   3              break;
  50   3            case 1:
  51   3              lsa = 0;lsb = 0; lsc = 1;
  52   3              P0 = ddat[6];
  53   3              break;
  54   3            case 2:
C51 COMPILER V9.60.0.0   MAIN                                                              01/18/2022 08:23:13 PAGE 2   

  55   3              lsa = 0;lsb = 1; lsc = 0;
  56   3              P0 = ddat[5];
  57   3              break;
  58   3            case 3:
  59   3              lsa = 0;lsb = 1; lsc = 1;
  60   3              P0 = ddat[4];
  61   3              break;
  62   3            case 4:
  63   3              lsa = 1;lsb = 0; lsc = 0;
  64   3              P0 = ddat[3];
  65   3              break;
  66   3            case 5:
  67   3              lsa = 1;lsb = 0; lsc = 1;
  68   3              P0 = ddat[2];
  69   3              break;
  70   3            case 6:
  71   3              lsa = 1;lsb = 1; lsc = 0;
  72   3              P0 = ddat[1];
  73   3              break;
  74   3            case 7:
  75   3              lsa = 1;lsb = 1; lsc = 1;
  76   3              P0 = ddat[0];
  77   3              break;
  78   3          }
  79   2          delay(100);
  80   2          P0 = 0x00;
  81   2        }
  82   1      }
  83          
  84          void delay(u16 t)
  85          {
  86   1        while(t--)
  87   1          _nop_();
  88   1      }


MODULE INFORMATION:   STATIC OVERLAYABLE
   CODE SIZE        =    372    ----
   CONSTANT SIZE    =     24    ----
   XDATA SIZE       =   ----    ----
   PDATA SIZE       =   ----    ----
   DATA SIZE        =   ----      17
   IDATA SIZE       =   ----    ----
   BIT SIZE         =   ----    ----
END OF MODULE INFORMATION.


C51 COMPILATION COMPLETE.  0 WARNING(S),  0 ERROR(S)
