C51 COMPILER V9.60.0.0   MAIN                                                              11/05/2021 21:19:58 PAGE 1   


C51 COMPILER V9.60.0.0, COMPILATION OF MODULE MAIN
OBJECT MODULE PLACED IN main.OBJ
COMPILER INVOKED BY: C:\Keil_v5c51\C51\BIN\C51.EXE main.c OPTIMIZE(8,SPEED) BROWSE DEBUG OBJECTEXTEND TABS(2)

line level    source

   1          #include <reg52.h>
   2          #include <intrins.h>
   3          typedef  unsigned int u16;
   4          typedef  unsigned char u8; 
   5          typedef  unsigned long u32;
   6          
   7          u8 code ledx[8] = {0x1,0x2,0x4,0x8,0x10,0x20,0x40,0x80};
   8          u8 code dat[48] = {0x00,0x00,0x50,0xA8,0xA8,0xA8,0xA8,0x00,
   9          0x00,0x00,0x70,0x88,0x88,0x88,0x70,0x00,
  10          0x00,0x00,0xB0,0x48,0x48,0x48,0x48,0x00,
  11          0x08,0x08,0x68,0x98,0x88,0x98,0x68,0x00,
  12          0x00,0x00,0xE0,0x10,0x70,0x90,0x68,0x00,//a
  13          0x00,0x00,0x88,0x88,0x98,0x68,0x08,0xF0//y
  14          };
  15          u8 ledy[8] = {0x00,0x00,0x00,0x00,0x00,0x00,0x00,0x00};
  16          
  17          sbit rclk = P3^5;
  18          sbit srclk = P3^6;
  19          sbit ser = P3^4;
  20          void delay(u16 i)
  21          {
  22   1        while (i--)
  23   1          _nop_();
  24   1        
  25   1      }
  26          void w595(u8 x,u8 y)
  27          {
  28   1      // œ»–¥y ‘Ÿ–¥x
  29   1        u8 i;
  30   1        rclk = 0;
  31   1        for(i = 0; i<8; i++)
  32   1        {
  33   2          ser = y&0x1;
  34   2          y = y>>1;
  35   2          srclk = 0;
  36   2          delay(1);
  37   2          srclk = 1;
  38   2          delay(1);
  39   2          
  40   2        }
  41   1        for(i = 0; i<8; i++)
  42   1        {
  43   2          ser = x&0x1;
  44   2          x = x>>1;
  45   2          srclk = 0;
  46   2          delay(1);
  47   2          srclk = 1;
  48   2          delay(1);
  49   2        }
  50   1        rclk  =1;
  51   1        delay(10);
  52   1        
  53   1      }
  54          
  55          int main(void)
C51 COMPILER V9.60.0.0   MAIN                                                              11/05/2021 21:19:58 PAGE 2   

  56          {
  57   1        u8 i;
  58   1        u32 j = 0, n =0;
  59   1        
  60   1          while(1)
  61   1        {
  62   2          for(i = 0; i<8; i++)
  63   2          {
  64   3            for(j = 0; j<8; j++)
  65   3            {
  66   4              ledy[i] = 0x80>>j;
  67   4              w595(ledx[7-i],~ledy[i] );
  68   4              if(j == 8)
  69   4                ledy[i] = 0x00;
  70   4              delay(10000);
  71   4            }
  72   3          }
  73   2          
  74   2      //    for(i = 0; i<8; i++)
  75   2      //    {
  76   2      //      ledy[i] = dat[n*8 + i]; 
  77   2      //    }
  78   2      //    j++;
  79   2      //    if(j%100 == 0)
  80   2      //    {
  81   2      //      n++;
  82   2      //      if(n >= 6)
  83   2      //      n = 0;  
  84   2      //    }
  85   2          
  86   2      //    for(i = 0; i<8; i++)
  87   2      //    {
  88   2      //      w595(ledx[7-i],~ledy[i]);
  89   2      //        
  90   2      //    } 
  91   2        }
  92   1          
  93   1          
  94   1          
  95   1        
  96   1      }


MODULE INFORMATION:   STATIC OVERLAYABLE
   CODE SIZE        =    272    ----
   CONSTANT SIZE    =     56    ----
   XDATA SIZE       =   ----    ----
   PDATA SIZE       =   ----    ----
   DATA SIZE        =      8       9
   IDATA SIZE       =   ----    ----
   BIT SIZE         =   ----    ----
END OF MODULE INFORMATION.


C51 COMPILATION COMPLETE.  0 WARNING(S),  0 ERROR(S)
