C51 COMPILER V9.60.0.0   MAIN                                                              03/03/2022 10:07:13 PAGE 1   


C51 COMPILER V9.60.0.0, COMPILATION OF MODULE MAIN
OBJECT MODULE PLACED IN main.OBJ
COMPILER INVOKED BY: C:\Keil_v5_c51\C51\BIN\C51.EXE main.c OPTIMIZE(8,SPEED) BROWSE DEBUG OBJECTEXTEND TABS(2)

line level    source

   1          #include <reg52.h> 
   2          #include <intrins.h> 
   3          
   4          typedef unsigned char u8;
   5          typedef unsigned int u16;
   6          sbit a = P1^1;
   7          
   8          void delay(u16 tim)
   9          {
  10   1        while(tim--)
  11   1        _nop_();
  12   1      }
  13          
  14          int main(void)
  15          {
  16   1        u16 i;
  17   1        while(1)
  18   1        {
  19   2          for(i = 0; i < 1000; i+= 10)
  20   2          {
  21   3            a = 1;
  22   3            delay(i);
  23   3            a = 0;
  24   3            delay(1000 - i);
  25   3          }
  26   2          a = 1;
  27   2          delay(60000);
  28   2          for(i = 0; i < 1000; i+= 10)
  29   2          {
  30   3            a = 1;
  31   3            delay(1000 - i);
  32   3            a = 0;
  33   3            delay(i);
  34   3          }
  35   2        }
  36   1      }
  37          
  38          


MODULE INFORMATION:   STATIC OVERLAYABLE
   CODE SIZE        =    102    ----
   CONSTANT SIZE    =   ----    ----
   XDATA SIZE       =   ----    ----
   PDATA SIZE       =   ----    ----
   DATA SIZE        =   ----    ----
   IDATA SIZE       =   ----    ----
   BIT SIZE         =   ----    ----
END OF MODULE INFORMATION.


C51 COMPILATION COMPLETE.  0 WARNING(S),  0 ERROR(S)
