C51 COMPILER V9.60.0.0   16                                                                01/02/2022 18:47:37 PAGE 1   


C51 COMPILER V9.60.0.0, COMPILATION OF MODULE 16
OBJECT MODULE PLACED IN .\Objects\16.obj
COMPILER INVOKED BY: C:\Keil_v5_c51\C51\BIN\C51.EXE 16.c OPTIMIZE(8,SPEED) BROWSE DEBUG OBJECTEXTEND PRINT(.\Listings\16
                    -.lst) TABS(2) OBJECT(.\Objects\16.obj)

line level    source

   1          #include "16.h"
   2          
   3          void Delay200us()   //@12.000MHz
   4          {
   5   1        unsigned char i;
   6   1        _nop_();
   7   1        i = 150;
   8   1        while (--i);
   9   1      }
  10          void LCM16wcmd(u8 cmd)
  11          {
  12   1        LCM16WR = 0;
  13   1        LCM16RD = 0;
  14   1        LCM16Dat = cmd;
  15   1        _nop_();
  16   1        LCM16EN = 1;
  17   1        Delay200us();
  18   1        LCM16EN = 0;
  19   1        _nop_();
  20   1        
  21   1      }
  22          void LCM16wdat(u8 dat)
  23          {
  24   1        LCM16WR = 0;
  25   1        LCM16RD = 1;
  26   1        LCM16Dat = dat;
  27   1        _nop_();
  28   1        LCM16EN = 1;
  29   1        Delay200us();
  30   1        LCM16EN = 0;
  31   1        _nop_();
  32   1      }
  33          void LCM1602Init(void)
  34          {
  35   1        LCM16EN = 0;
  36   1        LCM16wcmd(modes1);
  37   1        LCM16wcmd(dison);
  38   1        LCM16wcmd(i1s0);
  39   1        LCM16wcmd(cls);
  40   1        Delay2ms();
  41   1      }
  42          void Delay2ms()   //@12.000MHz
  43          {
  44   1        unsigned char i, j;
  45   1      
  46   1        i = 4;
  47   1        j = 225;
  48   1        do
  49   1        {
  50   2          while (--j);
  51   2        } while (--i);
  52   1      }


C51 COMPILER V9.60.0.0   16                                                                01/02/2022 18:47:37 PAGE 2   

MODULE INFORMATION:   STATIC OVERLAYABLE
   CODE SIZE        =     72    ----
   CONSTANT SIZE    =   ----    ----
   XDATA SIZE       =   ----    ----
   PDATA SIZE       =   ----    ----
   DATA SIZE        =   ----    ----
   IDATA SIZE       =   ----    ----
   BIT SIZE         =   ----    ----
END OF MODULE INFORMATION.


C51 COMPILATION COMPLETE.  0 WARNING(S),  0 ERROR(S)
