C51 COMPILER V9.60.0.0   MIAN                                                              03/07/2023 14:44:03 PAGE 1   


C51 COMPILER V9.60.0.0, COMPILATION OF MODULE MIAN
OBJECT MODULE PLACED IN .\Objects\mian.obj
COMPILER INVOKED BY: C:\Keil_v5_c51\C51\BIN\C51.EXE mian.c OPTIMIZE(8,SPEED) BROWSE DEBUG OBJECTEXTEND PRINT(.\Listings\
                    -mian.lst) OBJECT(.\Objects\mian.obj)

line level    source

   1          #include <reg52.h>
   2          #include <intrins.h>
   3          
   4          
   5          sbit led = P1^0;
   6          
   7          
   8          void delay(unsigned int time)
   9          {
  10   1              while(time--);
  11   1      }
  12          void main()
  13          {
  14   1              
  15   1              while(1)
  16   1              {
  17   2                      delay(10000);
  18   2                      led = ~led;
  19   2              }
  20   1              
  21   1              
  22   1              
  23   1      }
  24          
  25          


MODULE INFORMATION:   STATIC OVERLAYABLE
   CODE SIZE        =     22    ----
   CONSTANT SIZE    =   ----    ----
   XDATA SIZE       =   ----    ----
   PDATA SIZE       =   ----    ----
   DATA SIZE        =   ----    ----
   IDATA SIZE       =   ----    ----
   BIT SIZE         =   ----    ----
END OF MODULE INFORMATION.


C51 COMPILATION COMPLETE.  0 WARNING(S),  0 ERROR(S)
