C51 COMPILER V9.01   ZY                                                                    01/04/2022 11:45:11 PAGE 1   


C51 COMPILER V9.01, COMPILATION OF MODULE ZY
OBJECT MODULE PLACED IN zy.OBJ
COMPILER INVOKED BY: C:\Keil_v4_c51\C51\BIN\C51.EXE zy.c BROWSE DEBUG OBJECTEXTEND

line level    source

   1          #include "reg52.h"
   2          #include "intrins.h"
   3          #define u8 unsigned char
   4          #define u16 unsigned int
   5          #define DIG P0
   6          
   7          sbit lsa = P2^0;
   8          sbit lsb = P2^1;
   9          sbit lsc = P2^2;
  10          sbit beep = P2^3; 
  11          
  12          u8 code smgduan[16]={0x3f,0x06,0x5b,0x4f,0x66,0x6d,0x7d,0x07,
  13                                                  0x7f,0x6f,0x77,0x7c,0x39,0x5e,0x79,0x71};//显示0~F的值
  14          u8 ddata[8] = {0x3f,0x3f,0x40,0x00,0x00,0x40,0x00,0x00};
  15          u8 cout = 0;
  16          u16 time = 0;
  17          
  18          void Delay500us()               //不是500us
  19          {
  20   1              unsigned char i;
  21   1              _nop_();
  22   1              i = 50;
  23   1              while (--i);
  24   1      }
  25          
  26          void TimerInit(void)
  27          {
  28   1          TMOD = 0x01;
  29   1          TH0 = 0x3C;
  30   1          TL0 = 0xb0;
  31   1          TR0 = 1;
  32   1          EA = 1;
  33   1          ET0 = 1;
  34   1          
  35   1      }
  36          void proc()
  37          {
  38   1          //时
  39   1          ddata[3] = smgduan[(((time/3600)%24)/10)%10];
  40   1          ddata[4] = smgduan[((time/3600)%24)%10];
  41   1          //分
  42   1          ddata[3] = smgduan[(((time/60)%60)/10)%10];
  43   1          ddata[4] = smgduan[((time/60)%60)%10];
  44   1          //秒
  45   1          ddata[6] = smgduan[((time%60)/10)%10];
  46   1          ddata[7] = smgduan[(time%60)%10];
  47   1          
  48   1      }
  49          void Display()
  50          {
  51   1          u8 i;
  52   1          for(i = 0; i < 8; i++)
  53   1          {
  54   2              switch(i)
  55   2              {
C51 COMPILER V9.01   ZY                                                                    01/04/2022 11:45:11 PAGE 2   

  56   3                  case 0:
  57   3                     lsa = 0; lsb = 0; lsc = 0; 
  58   3                      break;
  59   3                  case 1:
  60   3                     lsa = 1; lsb = 0; lsc = 0; 
  61   3                      break;
  62   3                  case 2:
  63   3                     lsa = 0; lsb = 1; lsc = 0; 
  64   3                      break;
  65   3                  case 3:
  66   3                     lsa = 1; lsb = 1; lsc = 0; 
  67   3                      break;
  68   3                  case 4:
  69   3                     lsa = 0; lsb = 0; lsc = 1; 
  70   3                      break;
  71   3                  case 5:
  72   3                     lsa = 1; lsb = 0; lsc = 1; 
  73   3                      break;
  74   3                  case 6:
  75   3                     lsa = 0; lsb = 1; lsc = 1; 
  76   3                      break;
  77   3                  case 7:
  78   3                     lsa = 1; lsb = 1; lsc = 1; 
  79   3                      break;
  80   3              }
  81   2              DIG = ddata[i];
  82   2              Delay500us();
  83   2              DIG = 0x00;
  84   2          }
  85   1          
  86   1      }
  87          void beepc()
  88          {
  89   1          if(time >= 60 && time < 70) //响十秒
  90   1          {
  91   2              beep = ~beep;
  92   2          }
  93   1          else
  94   1          {
  95   2              beep = 1;
  96   2          }
  97   1      }
  98          
  99          void main(void)
 100          {
 101   1          TimerInit();
 102   1          while(1)
 103   1          {
 104   2              
 105   2              proc();
 106   2              Display();
 107   2              beepc();
 108   2          }
 109   1          
 110   1      }
 111          void int1(void) interrupt 1
 112          {
 113   1          TH0 = 0x3c;
 114   1          TL0 = 0xb0;
 115   1          cout++;
 116   1          if(cout >= 20)
 117   1          {
C51 COMPILER V9.01   ZY                                                                    01/04/2022 11:45:11 PAGE 3   

 118   2              cout = 0;
 119   2              time++;
 120   2          }
 121   1      }


MODULE INFORMATION:   STATIC OVERLAYABLE
   CODE SIZE        =    434    ----
   CONSTANT SIZE    =     16    ----
   XDATA SIZE       =   ----    ----
   PDATA SIZE       =   ----    ----
   DATA SIZE        =     11    ----
   IDATA SIZE       =   ----    ----
   BIT SIZE         =   ----    ----
END OF MODULE INFORMATION.


C51 COMPILATION COMPLETE.  0 WARNING(S),  0 ERROR(S)
