C51 COMPILER V9.60.0.0   MAX7219                                                           12/11/2021 19:27:38 PAGE 1   


C51 COMPILER V9.60.0.0, COMPILATION OF MODULE MAX7219
OBJECT MODULE PLACED IN max7219.OBJ
COMPILER INVOKED BY: C:\Keil_v5_c51\C51\BIN\C51.EXE max7219.c OPTIMIZE(8,SPEED) BROWSE DEBUG OBJECTEXTEND TABS(2)

line level    source

   1          #include <reg52.h>
   2          #include <intrins.h>
   3          #include "max7219.h"
   4          
   5          void max7219w(u8 cmd,u8 da2)
   6          {
   7   1        u8 i;
   8   1        clk = 0;
   9   1        _nop_();
  10   1        cs =  0;
  11   1        for(i = 0; i<8; i++)
  12   1        {
  13   2          dio = cmd>>7;
  14   2          cmd = cmd<<1;
  15   2          _nop_();
  16   2          clk = 1;
  17   2          _nop_();
  18   2          clk = 0;
  19   2          _nop_();
  20   2        }
  21   1        for(i = 0; i<8; i++)
  22   1        {
  23   2          dio = da2>>7;
  24   2          da2 = da2<<1;
  25   2          _nop_();
  26   2          clk = 1;
  27   2          _nop_();
  28   2          clk = 0;
  29   2          _nop_();
  30   2        }
  31   1        cs =  1;
  32   1      }


MODULE INFORMATION:   STATIC OVERLAYABLE
   CODE SIZE        =     82    ----
   CONSTANT SIZE    =   ----    ----
   XDATA SIZE       =   ----    ----
   PDATA SIZE       =   ----    ----
   DATA SIZE        =   ----    ----
   IDATA SIZE       =   ----    ----
   BIT SIZE         =   ----    ----
END OF MODULE INFORMATION.


C51 COMPILATION COMPLETE.  0 WARNING(S),  0 ERROR(S)
