C51 COMPILER V9.60.0.0   UTS                                                               11/28/2021 01:18:17 PAGE 1   


C51 COMPILER V9.60.0.0, COMPILATION OF MODULE UTS
OBJECT MODULE PLACED IN .\Objects\uts.obj
COMPILER INVOKED BY: C:\Keil_v5_c51\C51\BIN\C51.EXE uts.c OPTIMIZE(8,SPEED) BROWSE DEBUG OBJECTEXTEND PRINT(.\Listings\u
                    -ts.lst) TABS(2) OBJECT(.\Objects\uts.obj)

line level    source

   1          #include <reg52.h>
   2          #include <intrins.h>
   3          #include <string.h>
   4          #include <stdio.h>
   5          #define u8 unsigned char
   6          #define u16 unsigned int
   7          
   8          u8 str[30] = "121211221221";
   9          void UARTSendStr(u8 dat[])
  10          {
  11   1        u8 i;
  12   1        for(i = 0; dat[i] != '\0'; i++)
  13   1        {
  14   2          TI = 0;
  15   2          SBUF = dat[i];
  16   2          while(!TI);
  17   2          TI = 0;
  18   2        }
  19   1      }
  20          void delay(u16 t)
  21          {
  22   1        while(t--)
  23   1          _nop_();
  24   1      }
  25          void UARTInit(void)
  26          {
  27   1        TMOD = 0x20;
  28   1        SM0 = 0;
  29   1        SM1 = 1;
  30   1        REN = 1;
  31   1        PCON &= 0x3f;
  32   1        TH1 = 0xe6;
  33   1        TL1 = 0xe6;   //波特率1200
  34   1        TR1 = 1;
  35   1        EA = 1;
  36   1        ES = 1;     //串口中断
  37   1      }
  38          void UARTInt(void) interrupt 4
  39          {
  40   1        if(TI)
  41   1        {
  42   2      //    TI = 0;
  43   2        }
  44   1        if(RI)
  45   1        {
  46   2          RI = 0;
  47   2          SBUF = SBUF;
  48   2        }
  49   1        
  50   1      }
  51          
  52          void main(void)
  53          {
  54   1        UARTInit();
C51 COMPILER V9.60.0.0   UTS                                                               11/28/2021 01:18:17 PAGE 2   

  55   1        UARTSendStr(str);
  56   1        while(1)
  57   1        {
  58   2          UARTSendStr("时间 2021.11.28");
  59   2          
  60   2          delay(10000);
  61   2        }
  62   1      }


MODULE INFORMATION:   STATIC OVERLAYABLE
   CODE SIZE        =    115    ----
   CONSTANT SIZE    =     16    ----
   XDATA SIZE       =   ----    ----
   PDATA SIZE       =   ----    ----
   DATA SIZE        =     30       3
   IDATA SIZE       =   ----    ----
   BIT SIZE         =   ----    ----
END OF MODULE INFORMATION.


C51 COMPILATION COMPLETE.  0 WARNING(S),  0 ERROR(S)
