C51 COMPILER V9.60.0.0   W25Q                                                              12/14/2021 00:31:50 PAGE 1   


C51 COMPILER V9.60.0.0, COMPILATION OF MODULE W25Q
OBJECT MODULE PLACED IN .\Objects\w25q.obj
COMPILER INVOKED BY: C:\Keil_v5_c51\C51\BIN\C51.EXE w25q.c OPTIMIZE(8,SPEED) BROWSE DEBUG OBJECTEXTEND PRINT(.\Listings\
                    -w25q.lst) TABS(2) OBJECT(.\Objects\w25q.obj)

line level    source

   1          #include "w25q.h"
   2          #include <reg52.h>
   3          #include <intrins.h>
   4          #define uchar unsigned char
   5          //管脚定义
   6          sbit fwcs =P1^7;
   7          sbit fwsck  =P1^4;
   8          sbit fwsi =P1^5;
   9          sbit fwso =P1^6;
  10          
  11          //spi模拟写
  12          void w25wspi(uchar dat)
  13          {
  14   1        uchar i;
  15   1        for(i=0;i<8;i++)
  16   1        {
  17   2          if(dat & 0x80)
  18   2          {
  19   3            fwso=1;
  20   3          }
  21   2          else
  22   2          {
  23   3            fwso=0;
  24   3          }
  25   2          fwsck=1;
  26   2          dat=dat<<1;
  27   2          fwsck=0;
  28   2        }
  29   1        fwso=1;
  30   1        fwsck=0;
  31   1      }
  32          //spi模拟读
  33          uchar w25rspi()
  34          {
  35   1        uchar i;
  36   1        uchar rs;
  37   1        
  38   1        for(i=0;i<8;i++)
  39   1        {
  40   2          fwsck=0;
  41   2          rs=rs<<1;
  42   2          if(fwsi)
  43   2            rs=rs | 1;
  44   2          fwsck=1;
  45   2        }
  46   1        fwsck=0;
  47   1        return rs;
  48   1      }
  49          //双倍速读
  50          uchar w25frspi()
  51          {
  52   1        uchar i;
  53   1        uchar rs;
  54   1        for(i=0;i<4;i++)
C51 COMPILER V9.60.0.0   W25Q                                                              12/14/2021 00:31:50 PAGE 2   

  55   1        {
  56   2          rs=rs<<2;
  57   2          fwsck=0;
  58   2          if(fwsi)
  59   2            rs=rs | 0x02;
  60   2          if(fwso)
  61   2            rs=rs | 0x01;
  62   2          fwsck=1;
  63   2        }
  64   1        fwso=1;
  65   1        fwsck=0;
  66   1        return rs;
  67   1      }
  68          
  69          
  70          //读取状态寄存器1
  71          uchar readrs1()
  72          {
  73   1        uchar rs;
  74   1        fwcs=0;
  75   1        w25wspi(ReadStatusRegister1);
  76   1        rs=w25rspi();
  77   1        fwcs=1;
  78   1        return rs;
  79   1      }
  80          
  81          //读取状态寄存器2
  82          uchar readrs2()
  83          {
  84   1        uchar rs;
  85   1        fwcs=0;
  86   1        w25wspi(ReadStatusRegister2);
  87   1        rs=w25rspi();
  88   1        fwcs=1;
  89   1        return rs;
  90   1      }
  91          
  92          //读取状态寄存器3
  93          uchar readrs3()
  94          {
  95   1        uchar rs;
  96   1        fwcs=0;
  97   1        w25wspi(ReadStatusRegister3);
  98   1        rs=w25rspi();
  99   1        fwcs=1;
 100   1        return rs;
 101   1      }
 102          //初始化
 103          void init_w25q128()
 104          {
 105   1        int i,j;
 106   1        P1M1 = 0xC0;  //开漏 1.6 、1.7
*** ERROR C202 IN LINE 106 OF w25q.c: 'P1M1': undefined identifier
 107   1        P1M0 = 0xC0;  //开漏
*** ERROR C202 IN LINE 107 OF w25q.c: 'P1M0': undefined identifier
 108   1        P5M1 = 0x30;  //开漏 5.4 、5.5
*** ERROR C202 IN LINE 108 OF w25q.c: 'P5M1': undefined identifier
 109   1        P5M0 = 0x30;  //开漏
*** ERROR C202 IN LINE 109 OF w25q.c: 'P5M0': undefined identifier
 110   1        fwcs=1;
 111   1        fwso=1;
 112   1        fwsck=0;
C51 COMPILER V9.60.0.0   W25Q                                                              12/14/2021 00:31:50 PAGE 3   

 113   1        //fwrst=1;
 114   1        for(j=0;j<200;j++)
 115   1        {
 116   2          for(i=0;i<200;i++);
 117   2        }
 118   1        reset_w25q128();
 119   1      }
 120          
 121          
 122          //复位w25q128
 123          void reset_w25q128()
 124          {
 125   1        uchar i;
 126   1        fwcs=0;
 127   1        w25wspi(EnableReset);
 128   1        fwcs=1;
 129   1        for(i=0;i<100;i++);
 130   1        fwcs=0;
 131   1        w25wspi(ResetDevice);
 132   1        fwcs=1;
 133   1        for(i=0;i<240;i++);
 134   1      }
 135          
 136          //读取数据
 137          //buf：读出数据缓冲区f
 138          //black_numb：块号
 139          //page_numb：页号
 140          //len:读取长度为 len+1，最多读256个字节
 141          //成功返回 1，失败返回 0
 142          uchar readdata(uchar * buf,uchar block_numb,uchar page_numb,uchar len)
 143          {
 144   1        uchar i,j;
 145   1        uchar rs[4];
 146   1        
 147   1        i=BUSY;
 148   1        j=0;
 149   1        //是否忙
 150   1        while(i==BUSY)
 151   1        {
 152   2          fwcs=0;
 153   2          w25wspi(ReadStatusRegister1);
 154   2          i=w25rspi();
 155   2          fwcs=1;
 156   2          i=i & BUSY;
 157   2          ms1(1);
 158   2          j++;
 159   2          if(j==128)
 160   2            return 0;
 161   2        }
 162   1        
 163   1        rs[0]=ReadData;
 164   1        rs[1]=block_numb;
 165   1        rs[2]=page_numb;
 166   1        rs[3]=0;
 167   1        
 168   1        fwcs=0;
 169   1        for(i=0;i<4;i++)
 170   1        {
 171   2          w25wspi(rs[i]);
 172   2        }
 173   1        for(i=0;i<len;i++)
 174   1        {
C51 COMPILER V9.60.0.0   W25Q                                                              12/14/2021 00:31:50 PAGE 4   

 175   2          buf[i]=w25rspi();
 176   2        }
 177   1        buf[len]=w25rspi();
 178   1        fwcs=1;
 179   1        return 1;
 180   1      }
 181          
 182          //双倍速读，
 183          uchar fastreaddata(uchar * buf,uchar block_numb,uchar page_numb,uchar len)
 184          {
 185   1        uchar i,j;
 186   1        uchar rs[4];
 187   1        
 188   1        i=BUSY;
 189   1        j=0;
 190   1        //是否忙
 191   1        while(i==BUSY)
 192   1        {
 193   2          fwcs=0;
 194   2          w25wspi(ReadStatusRegister1);
 195   2          i=w25rspi();
 196   2          fwcs=1;
 197   2          i=i & BUSY;
 198   2          ms1(1);
 199   2          j++;
 200   2          if(j==128)
 201   2            return 0;
 202   2        }
 203   1        
 204   1        rs[0]=FastReadData;
 205   1        rs[1]=block_numb;
 206   1        rs[2]=page_numb;
 207   1        rs[3]=0;
 208   1        
 209   1        fwcs=0;
 210   1        for(i=0;i<4;i++)
 211   1        {
 212   2          w25wspi(rs[i]);
 213   2        }
 214   1        P1M1 = 0xC0;
*** ERROR C202 IN LINE 214 OF w25q.c: 'P1M1': undefined identifier
 215   1        P1M0 = 0x80;
*** ERROR C202 IN LINE 215 OF w25q.c: 'P1M0': undefined identifier
 216   1        w25wspi(0x00);
 217   1        for(i=0;i<len;i++)
 218   1        {
 219   2          buf[i]=w25frspi();
 220   2        }
 221   1        buf[len]=w25frspi();
 222   1        P1M1 = 0xC0;
*** ERROR C202 IN LINE 222 OF w25q.c: 'P1M1': undefined identifier
 223   1        P1M0 = 0xC0;
*** ERROR C202 IN LINE 223 OF w25q.c: 'P1M0': undefined identifier
 224   1        fwcs=1;
 225   1        return 1;
 226   1      }
 227          
 228          //块擦除命令
 229          //block_numb：块号
 230          //成功返回 1，失败返回 0
 231          uchar eraseblock(uchar block_numb)
 232          {
C51 COMPILER V9.60.0.0   W25Q                                                              12/14/2021 00:31:50 PAGE 5   

 233   1        uchar i,j;
 234   1        
 235   1        //是否忙
 236   1        i=BUSY;
 237   1        j=0;
 238   1        while(i==BUSY)
 239   1        {
 240   2          ms1(1);
 241   2          fwcs=0;
 242   2          w25wspi(ReadStatusRegister1);
 243   2          i=w25rspi();
 244   2          fwcs=1;
 245   2          i=i & BUSY;
 246   2          j++;
 247   2          if(j==128)
 248   2            return 0;
 249   2        }
 250   1      
 251   1        //写使能
 252   1        fwcs=0;
 253   1        w25wspi(WriteEnable);
 254   1        fwcs=1;
 255   1        
 256   1        //写使能执行是否完成
 257   1        i=0;
 258   1        j=0;
 259   1        while(i!=WEL)
 260   1        {
 261   2          ms1(1);
 262   2          fwcs=0;
 263   2          w25wspi(ReadStatusRegister1);
 264   2          i=w25rspi();
 265   2          fwcs=1;
 266   2          i=i & WEL;
 267   2          j++;
 268   2          if(j==254)
 269   2            return 0;
 270   2        }
 271   1        
 272   1        //执行擦除命令
 273   1        fwcs=0;
 274   1        w25wspi(SectorErase64k);
 275   1        w25wspi(block_numb);
 276   1        w25wspi(0);
 277   1        w25wspi(0);
 278   1        fwcs=1;
 279   1        
 280   1        //是否完成擦除
 281   1        i=BUSY;
 282   1        j=0;
 283   1        while(i==BUSY)
 284   1        {
 285   2          ms1(1);
 286   2          fwcs=0;
 287   2          w25wspi(ReadStatusRegister1);
 288   2          i=w25rspi();
 289   2          fwcs=1;
 290   2          i=i & BUSY;
 291   2          j++;
 292   2          if(j==254)
 293   2            return 0;
 294   2        }
C51 COMPILER V9.60.0.0   W25Q                                                              12/14/2021 00:31:50 PAGE 6   

 295   1        i=WEL;
 296   1        j=0;
 297   1        while(i==WEL)
 298   1        {
 299   2          ms1(1);
 300   2          fwcs=0;
 301   2          w25wspi(ReadStatusRegister1);
 302   2          i=w25rspi();
 303   2          fwcs=1;
 304   2          i=i & WEL;
 305   2          j++;
 306   2          if(j==254)
 307   2            return 0;
 308   2        }
 309   1        return 1;
 310   1      }
 311          //页编程
 312          //buf：要写入数据
 313          //black_numb：块号
 314          //page_numb：页号
 315          //len:编程长度为 len+1，最写入256个字节
 316          //成功返回 1，失败返回 0
 317          uchar pageprogramblock(uchar * buf,uchar block_numb,uchar page_numb,uchar len)
 318          {
 319   1        uchar i,j;
 320   1        i=BUSY;
 321   1        j=0;
 322   1        //是否忙
 323   1        while(i==BUSY)
 324   1        {
 325   2          ms1(1);
 326   2          fwcs=0;
 327   2          w25wspi(ReadStatusRegister1);
 328   2          i=w25rspi();
 329   2          fwcs=1;
 330   2          i=i & BUSY;
 331   2          j++;
 332   2          if(j==128)
 333   2            return 0;
 334   2        }
 335   1        
 336   1        //写使能
 337   1        fwcs=0;
 338   1        w25wspi(WriteEnable);
 339   1        fwcs=1;
 340   1      
 341   1        i=0;
 342   1        j=0;
 343   1        //写使能执行完成
 344   1        while(i!=WEL)
 345   1        {
 346   2          ms1(1);
 347   2          fwcs=0;
 348   2          w25wspi(ReadStatusRegister1);
 349   2          i=w25rspi();
 350   2          fwcs=1;
 351   2          i=i & WEL;
 352   2          j++;
 353   2          if(j==254)
 354   2            return 0;
 355   2        }
 356   1      
C51 COMPILER V9.60.0.0   W25Q                                                              12/14/2021 00:31:50 PAGE 7   

 357   1        //执行页编程
 358   1        fwcs=0;
 359   1        w25wspi(PageProgram);
 360   1        w25wspi(block_numb);
 361   1        w25wspi(page_numb);
 362   1        w25wspi(0);
 363   1        for(i=0;i<len;i++)
 364   1        {
 365   2          w25wspi(buf[i]);
 366   2        }
 367   1        w25wspi(buf[len]);
 368   1        fwcs=1;
 369   1        
 370   1        //是否完成页编程
 371   1        i=BUSY;
 372   1        j=0;
 373   1        while(i==BUSY)
 374   1        {
 375   2          ms1(1);
 376   2          fwcs=0;
 377   2          w25wspi(ReadStatusRegister1);
 378   2          i=w25rspi();
 379   2          fwcs=1;
 380   2          i=i & BUSY;
 381   2          j++;
 382   2          if(j==254)
 383   2            return 0;
 384   2        }
 385   1        i=WEL;
 386   1        j=0;
 387   1        while(i==WEL)
 388   1        {
 389   2          ms1(1);
 390   2          fwcs=0;
 391   2          w25wspi(ReadStatusRegister1);
 392   2          i=w25rspi();
 393   2          fwcs=1;
 394   2          i=i & WEL;
 395   2          j++;
 396   2          if(j==254)
 397   2            return 0;
 398   2        }
 399   1        return 1;
 400   1      }
 401          
 402          void ms1(uchar time)    //@22.1184MHz
 403          {
 404   1        uchar i, j, m;
 405   1        for(m=0;m<time;m++)
 406   1        {
 407   2          i = 29;
 408   2          j = 183;
 409   2          do
 410   2          {
 411   3            while (--j);
 412   3          } while (--i);
 413   2        }
 414   1      }

C51 COMPILATION COMPLETE.  0 WARNING(S),  8 ERROR(S)
