C51 COMPILER V9.01   HW                                                                    02/02/2022 22:28:51 PAGE 1   


C51 COMPILER V9.01, COMPILATION OF MODULE HW
OBJECT MODULE PLACED IN .\Objects\hw.obj
COMPILER INVOKED BY: C:\Keil_v4_c51\C51\BIN\C51.EXE hw.c BROWSE DEBUG OBJECTEXTEND PRINT(.\Listings\hw.lst) OBJECT(.\Obj
                    -ects\hw.obj)

line level    source

   1          #include <reg52.h>
   2          #include <intrins.h>
   3          #define u8 unsigned char
   4          #define u16 unsigned int
   5          #define smg P0
   6          sbit rw = P3^2; //int0
   7          sbit lsa = P1^0;
   8          sbit lsb = P1^1;
   9          sbit lsc = P1^2;
  10          sbit beep = P1^3;
  11          
  12          u8 ddata[8] = {0};
  13          u8 code smgduan[16]={0x3f,0x06,0x5b,0x4f,0x66,0x6d,0x7d,0x07,
  14                                                  0x7f,0x6f,0x77,0x7c,0x39,0x5e,0x79,0x71};//显示0~F的值
  15          u8 rdat[4] = {0};
  16          void Delay100us()               //@12.000MHz
  17          {
  18   1              unsigned char i;
  19   1              _nop_();
  20   1              i = 47;
  21   1              while (--i);
  22   1      }
  23          
  24          
  25          void smgw(void)
  26          {
  27   1              u8 i;
  28   1              for(i = 0; i < 8; i++)
  29   1              {
  30   2                      switch(i)
  31   2                      {
  32   3                              case 0:
  33   3                                      lsa = 0; lsb = 0; lsc = 0; break;
  34   3                              case 1:
  35   3                                      lsa = 0; lsb = 0; lsc = 1; break;
  36   3                              case 2:
  37   3                                      lsa = 0; lsb = 1; lsc = 0; break;
  38   3                              case 3:
  39   3                                      lsa = 0; lsb = 1; lsc = 1; break;
  40   3                              case 4:
  41   3                                      lsa = 1; lsb = 0; lsc = 0; break;
  42   3                              case 5:
  43   3                                      lsa = 1; lsb = 0; lsc = 1; break;
  44   3                              case 6:
  45   3                                      lsa = 1; lsb = 1; lsc = 0; break;
  46   3                              case 7:
  47   3                                      lsa = 1; lsb = 1; lsc = 1; break;
  48   3                      }
  49   2                      smg = ddata[7 - i];
  50   2                      Delay100us();Delay100us();
  51   2                      smg = 0x00;
  52   2              }
  53   1      }
  54          void proc(void)
C51 COMPILER V9.01   HW                                                                    02/02/2022 22:28:51 PAGE 2   

  55          {
  56   1              u8 temp,i;
  57   1              for(i = 0; i < 4; i++)
  58   1              {
  59   2                      temp = rdat[i];
  60   2                      ddata[7 - 2*i] = smgduan[(temp/16)];
  61   2                      ddata[6 - 2*i] = smgduan[(temp)%16];
  62   2                      
  63   2              }       
  64   1              
  65   1              
  66   1              
  67   1      }
  68          void initint()
  69          {
  70   1              EA = 1;
  71   1              EX0 = 1;
  72   1              IT0 = 0;
  73   1      }
  74          
  75          void main(void)
  76          {
  77   1              initint();
  78   1              while(1)
  79   1              {
  80   2                      smgw();
  81   2                      proc();
  82   2                      if(rdat[2] == 0x46)
  83   2                      {
  84   3                              beep = 0;
  85   3                              Delay100us();Delay100us();Delay100us();Delay100us();
  86   3                              beep = 1;
  87   3                              
  88   3                      }
  89   2              }
  90   1      }
  91          
  92          void int0(void) interrupt 0
  93          {
  94   1              u8 t ,b,i;
  95   1              EA = 0;
  96   1              t = 0;
  97   1              while(!rw && t < 100)
  98   1              {
  99   2                      Delay100us();
 100   2                      t++;
 101   2                      
 102   2              }//低电平等待
 103   1              if(t > 90)
 104   1                      return;
 105   1              t = 0;
 106   1              while(rw && t < 55)
 107   1              {
 108   2                      Delay100us();
 109   2                      t++;
 110   2                      
 111   2              }//低电平等待
 112   1              if(t > 45)
 113   1                      return;
 114   1              for(b = 0; b < 4; b++)
 115   1              {
 116   2                      for(i = 0; i<8; i++)
C51 COMPILER V9.01   HW                                                                    02/02/2022 22:28:51 PAGE 3   

 117   2                      {
 118   3                              rdat[b] >>= 1;
 119   3                              t = 0;
 120   3                              while(!rw && t < 7)
 121   3                              {
 122   4                                      Delay100us();
 123   4                                      t++;
 124   4                              }//低电平等待
 125   3                              if(t == 0)
 126   3                                      return;
 127   3                              t = 0;
 128   3                              while(rw && t < 18)
 129   3                              {
 130   4                                      Delay100us();
 131   4                                      t++;
 132   4                              }
 133   3                              if(t == 0)
 134   3                                      return;
 135   3                              if(t>10)
 136   3                                      rdat[b] |= 0x80; //
 137   3                              else
 138   3                                      rdat[b] &= ~0x80;
 139   3                              
 140   3                      }
 141   2              }
 142   1              EA = 1;
 143   1              
 144   1      }


MODULE INFORMATION:   STATIC OVERLAYABLE
   CODE SIZE        =    372    ----
   CONSTANT SIZE    =     16    ----
   XDATA SIZE       =   ----    ----
   PDATA SIZE       =   ----    ----
   DATA SIZE        =     12    ----
   IDATA SIZE       =   ----    ----
   BIT SIZE         =   ----    ----
END OF MODULE INFORMATION.


C51 COMPILATION COMPLETE.  0 WARNING(S),  0 ERROR(S)
