C51 COMPILER V9.60.0.0   MAIN                                                              11/26/2021 18:05:28 PAGE 1   


C51 COMPILER V9.60.0.0, COMPILATION OF MODULE MAIN
OBJECT MODULE PLACED IN main.OBJ
COMPILER INVOKED BY: C:\Keil_v5_c51\C51\BIN\C51.EXE main.c OPTIMIZE(8,SPEED) BROWSE DEBUG OBJECTEXTEND TABS(2)

line level    source

   1          #include <reg52.h>
   2          #include <intrins.h>
   3          #include "iic.h"
   4          
   5          //u8 code sduan[16] = {0x3f,0x06,0x5b,0x4f,0x66,0x6d,0x7d,0x07,0x7f,0x6f,0x77,0x7c,0x39,0x5e,0x79,0x71};  /
             -/共阴
   6          
   7          sbit intk0 = P3^2;
   8          sbit intk1 = P3^3;
   9          
  10          void w8b(u8 addr,u8 dat)
  11          {
  12   1        iicstart();
  13   1        iics8bit(0x78); //设备地址 
  14   1        iicwait();
  15   1        iics8bit(addr); //存储地址
  16   1        iicwait();
  17   1        iics8bit(dat);
  18   1        iicwait();
  19   1        iicstop();
  20   1      }
  21          
  22          u8 r8b(u8 addr)
  23          {
  24   1        u8 dat;
  25   1        iicstart();
  26   1        iics8bit(0x78); //设备地址， 
  27   1        iicwait();
  28   1        iics8bit(addr); //存储地址
  29   1        iicwait();
  30   1        iicstart();
  31   1        iics8bit(0xa1); //设备地址， 读取
  32   1        iicwait();
  33   1        
  34   1        dat = iicread8bit();
  35   1        iicresp(1); //非应答， 结束读取
  36   1        iicstop();
  37   1        return dat;
  38   1      }
  39          
  40          void delay(u16 i)
  41          {
  42   1        while(i--)
  43   1          _nop_();
  44   1      }
  45          
  46          
  47          void main(void)
  48          {
  49   1      //  w8b(0x00, 0x39);
  50   1      //  w8b(0x01, 0x5e);
  51   1        EX0 = 1;
  52   1        EX1 = 1;
  53   1        EA = 1;
  54   1        IT0 = 1;
C51 COMPILER V9.60.0.0   MAIN                                                              11/26/2021 18:05:28 PAGE 2   

  55   1        IT1 = 1;
  56   1        while(1)
  57   1          {
  58   2      //      P0 = 0;
  59   2      //      delay(60000);
  60   2      //      w8b(0x01, 0x5e);
  61   2      //      P0 = 1;
  62   2      //      delay(60000);
  63   2      //      P0 = r8b(0x00);
  64   2      //      delay(60000);
  65   2          }
  66   1      }
  67          
  68          
  69          void int0(void) interrupt 0
  70          {
  71   1        delay(100);
  72   1        if(intk0 == 0)
  73   1        w8b(0x32, 0x31);
  74   1      }
  75          
  76          void int1(void) interrupt 2
  77          {
  78   1        delay(100);
  79   1        if(intk1 == 0)
  80   1        w8b(0x51,0x52 );
  81   1      }


MODULE INFORMATION:   STATIC OVERLAYABLE
   CODE SIZE        =    254    ----
   CONSTANT SIZE    =   ----    ----
   XDATA SIZE       =   ----    ----
   PDATA SIZE       =   ----    ----
   DATA SIZE        =   ----       4
   IDATA SIZE       =   ----    ----
   BIT SIZE         =   ----    ----
END OF MODULE INFORMATION.


C51 COMPILATION COMPLETE.  0 WARNING(S),  0 ERROR(S)
