C51 COMPILER V9.60.0.0   MAIN                                                              02/04/2023 18:28:42 PAGE 1   


C51 COMPILER V9.60.0.0, COMPILATION OF MODULE MAIN
OBJECT MODULE PLACED IN .\Objects\main.obj
COMPILER INVOKED BY: C:\Keil_v5_c51\C51\BIN\C51.EXE main.c OPTIMIZE(8,SPEED) BROWSE INCDIR(..\max6675) DEBUG OBJECTEXTEN
                    -D PRINT(.\Listings\main.lst) OBJECT(.\Objects\main.obj)

line level    source

   1          #include <reg52.h>
   2          #include "max6675.h"
   3          #include "tm1637.h"
   4          
   5          u8 tm1637_sram[4];
   6          u8 code smgduan[16] = {0x3f,0x06,0x5b,0x4f,0x66,0x6d,0x7d,0x07,0x7f,0x6f,0x77,0x7c,0x39,0x5e,0x79,0x71};        /
             -/π≤“ı
   7          float temp;
   8          u16 tmp;
   9          
  10          void Delay1000ms()              //@12.000MHz
  11          {
  12   1              unsigned char i, j, k;
  13   1      
  14   1              _nop_();
  15   1              _nop_();
  16   1              i = 23;
  17   1              j = 153;
  18   1              k = 245;
  19   1              do
  20   1              {
  21   2                      do
  22   2                      {
  23   3                              while (--k);
  24   3                      } while (--j);
  25   2              } while (--i);
  26   1      }
  27          
  28          
  29          void running()
  30          {
  31   1              
  32   1              if(MAX6675_Check())
  33   1              {
  34   2                      tm1637_sram[0] = smgduan[14];
  35   2                      tm1637_sram[1] = 0;
  36   2                      tm1637_sram[2] = 0;
  37   2                      tm1637_sram[3] = 0;
  38   2              }
  39   1              else
  40   1              {
  41   2                      temp = MAX6675_Read();
  42   2                      tm1637_sram[0] = smgduan[(int)(temp / 100) % 10];
  43   2                      tm1637_sram[1] = smgduan[(int)(temp / 10) % 10];
  44   2                      tm1637_sram[2] = smgduan[(int)(temp) % 10];
  45   2                      tm1637_sram[3] = smgduan[(int)(temp * 10) % 10];
  46   2              }
  47   1              tm1637_WriteSRAM(&tm1637_sram);
  48   1              Delay1000ms();
  49   1      }
  50          
  51          void main()
  52          {
  53   1              MAX6675_Init();
C51 COMPILER V9.60.0.0   MAIN                                                              02/04/2023 18:28:42 PAGE 2   

  54   1              
  55   1              while(1)
  56   1              {
  57   2                      running();
  58   2              }
  59   1      }
  60          
  61          


MODULE INFORMATION:   STATIC OVERLAYABLE
   CODE SIZE        =    219    ----
   CONSTANT SIZE    =     16    ----
   XDATA SIZE       =   ----    ----
   PDATA SIZE       =   ----    ----
   DATA SIZE        =     10    ----
   IDATA SIZE       =   ----    ----
   BIT SIZE         =   ----    ----
END OF MODULE INFORMATION.


C51 COMPILATION COMPLETE.  0 WARNING(S),  0 ERROR(S)
