C51 COMPILER V9.60.0.0   TM1637                                                            02/03/2023 22:45:03 PAGE 1   


C51 COMPILER V9.60.0.0, COMPILATION OF MODULE TM1637
OBJECT MODULE PLACED IN .\Objects\tm1637.obj
COMPILER INVOKED BY: C:\Keil_v5_c51\C51\BIN\C51.EXE tm1637.c OPTIMIZE(8,SPEED) BROWSE INCDIR(..\max6675) DEBUG OBJECTEXT
                    -END PRINT(.\Listings\tm1637.lst) OBJECT(.\Objects\tm1637.obj)

line level    source

   1          #include "tm1637.h"
   2          
   3          void Delay5us()         //@12.000MHz
   4          {
   5   1              unsigned char i;
   6   1      
   7   1              _nop_();
   8   1              _nop_();
   9   1              i = 12;
  10   1              while (--i);
  11   1      }
  12          
  13          void IIC_Start(void)
  14          {
  15   1              IIC_SDA = 1;
  16   1              IIC_SCL = 1;
  17   1              Delay5us();
  18   1              IIC_SDA = 0;
  19   1              Delay5us();
  20   1              IIC_SCL = 0;
  21   1      }
  22          void IIC_Stop(void)
  23          {
  24   1              IIC_SCL = 0;
  25   1              IIC_SDA = 0;
  26   1              Delay5us();
  27   1              IIC_SCL = 1;
  28   1              Delay5us();
  29   1              IIC_SDA = 1;
  30   1              
  31   1      }
  32          void IIC_Send(u8 dat)
  33          {
  34   1              u8 i;
  35   1              for(i = 0; i < 8; i++)
  36   1              {
  37   2                      IIC_SCL = 0;
  38   2                      if(dat & 0x01)
  39   2                              IIC_SDA = 1;
  40   2                      else
  41   2                              IIC_SDA = 0;
  42   2                      dat >>= 1;
  43   2                      IIC_SCL = 1;
  44   2                      Delay5us();
  45   2              }
  46   1              //ack
  47   1              IIC_SCL = 0;
  48   1              IIC_SDA = 1;
  49   1              Delay5us();
  50   1              IIC_SCL = 1;
  51   1              Delay5us();
  52   1              IIC_SCL = 0;
  53   1      }
  54          
C51 COMPILER V9.60.0.0   TM1637                                                            02/03/2023 22:45:03 PAGE 2   

  55          
  56          void tm1637_WriteSRAM(u8 *buffer)
  57          {
  58   1              u8 i;
  59   1              IIC_Start();
  60   1              IIC_Send(0x40);
  61   1              IIC_Stop();
  62   1              
  63   1              IIC_Start();
  64   1              IIC_Send(0xc0);
  65   1              for(i = 0; i < 4; i++)
  66   1              {
  67   2                      IIC_Send(*buffer);
  68   2                      buffer++;
  69   2              }
  70   1              IIC_Stop();
  71   1              
  72   1              IIC_Start();
  73   1              IIC_Send(0x88);
  74   1              IIC_Stop();
  75   1      }


MODULE INFORMATION:   STATIC OVERLAYABLE
   CODE SIZE        =    152    ----
   CONSTANT SIZE    =   ----    ----
   XDATA SIZE       =   ----    ----
   PDATA SIZE       =   ----    ----
   DATA SIZE        =   ----    ----
   IDATA SIZE       =   ----    ----
   BIT SIZE         =   ----    ----
END OF MODULE INFORMATION.


C51 COMPILATION COMPLETE.  0 WARNING(S),  0 ERROR(S)
