C51 COMPILER V9.60.0.0   MMAIN                                                             10/30/2021 12:05:40 PAGE 1   


C51 COMPILER V9.60.0.0, COMPILATION OF MODULE MMAIN
OBJECT MODULE PLACED IN mmain.OBJ
COMPILER INVOKED BY: C:\Keil_v5\C51\BIN\C51.EXE mmain.c OPTIMIZE(8,SPEED) BROWSE DEBUG OBJECTEXTEND TABS(2)

line level    source

   1          #include <reg52.h>
   2          #include <intrins.h>
   3          void main(void)
   4          {
   5   1        
   6   1      }


MODULE INFORMATION:   STATIC OVERLAYABLE
   CODE SIZE        =      1    ----
   CONSTANT SIZE    =   ----    ----
   XDATA SIZE       =   ----    ----
   PDATA SIZE       =   ----    ----
   DATA SIZE        =   ----    ----
   IDATA SIZE       =   ----    ----
   BIT SIZE         =   ----    ----
END OF MODULE INFORMATION.


C51 COMPILATION COMPLETE.  0 WARNING(S),  0 ERROR(S)
