C51 COMPILER V9.60.0.0   IIC                                                               12/06/2021 19:46:18 PAGE 1   


C51 COMPILER V9.60.0.0, COMPILATION OF MODULE IIC
OBJECT MODULE PLACED IN .\Objects\iic.obj
COMPILER INVOKED BY: C:\Keil_v5_c51\C51\BIN\C51.EXE iic.c OPTIMIZE(8,SPEED) BROWSE DEBUG OBJECTEXTEND PRINT(.\Listings\i
                    -ic.lst) TABS(2) OBJECT(.\Objects\iic.obj)

line level    source

   1           #include "iic.h"
   2          
   3          
   4           


MODULE INFORMATION:   STATIC OVERLAYABLE
   CODE SIZE        =   ----    ----
   CONSTANT SIZE    =   ----    ----
   XDATA SIZE       =   ----    ----
   PDATA SIZE       =   ----    ----
   DATA SIZE        =   ----    ----
   IDATA SIZE       =   ----    ----
   BIT SIZE         =   ----    ----
END OF MODULE INFORMATION.


C51 COMPILATION COMPLETE.  0 WARNING(S),  0 ERROR(S)
